#
# There is insufficient memory for the Java Runtime Environment to continue.
# Native memory allocation (malloc) failed to allocate 2276576 bytes. Error detail: Chunk::new
# Possible reasons:
#   The system is out of physical RAM or swap space
#   This process is running with CompressedOops enabled, and the Java Heap may be blocking the growth of the native heap
# Possible solutions:
#   Reduce memory load on the system
#   Increase physical memory or swap space
#   Check if swap backing store is full
#   Decrease Java heap size (-Xmx/-Xms)
#   Decrease number of Java threads
#   Decrease Java thread stack sizes (-Xss)
#   Set larger code cache with -XX:ReservedCodeCacheSize=
#   JVM is running with Unscaled Compressed Oops mode in which the Java heap is
#     placed in the first 4GB address space. The Java Heap base address is the
#     maximum limit for the native heap growth. Please use -XX:HeapBaseMinAddress
#     to set the Java Heap base and to place the Java Heap above 4GB virtual address.
# This output file may be truncated or incomplete.
#
#  Out of Memory Error (arena.cpp:168), pid=10504, tid=6356
#
# JRE version: OpenJDK Runtime Environment (21.0.6) (build 21.0.6+-13368085-b895.109)
# Java VM: OpenJDK 64-Bit Server VM (21.0.6+-13368085-b895.109, mixed mode, tiered, compressed oops, compressed class ptrs, g1 gc, windows-amd64)
# No core dump will be written. Minidumps are not enabled by default on client versions of Windows
#

---------------  S U M M A R Y ------------

Command Line: --add-opens=java.base/java.lang=ALL-UNNAMED --add-opens=java.base/java.lang.invoke=ALL-UNNAMED --add-opens=java.base/java.util=ALL-UNNAMED --add-opens=java.prefs/java.util.prefs=ALL-UNNAMED --add-exports=jdk.compiler/com.sun.tools.javac.api=ALL-UNNAMED --add-exports=jdk.compiler/com.sun.tools.javac.util=ALL-UNNAMED --add-opens=java.base/java.util=ALL-UNNAMED --add-opens=java.prefs/java.util.prefs=ALL-UNNAMED --add-opens=java.base/java.nio.charset=ALL-UNNAMED --add-opens=java.base/java.net=ALL-UNNAMED --add-opens=java.base/java.util.concurrent.atomic=ALL-UNNAMED --add-opens=java.xml/javax.xml.namespace=ALL-UNNAMED -Xmx2048m -Dfile.encoding=UTF-8 -Duser.country=ES -Duser.language=es -Duser.variant -javaagent:C:\Users\DAM2\.gradle\wrapper\dists\gradle-8.11.1-bin\bpt9gzteqjrbo1mjrsomdt32c\gradle-8.11.1\lib\agents\gradle-instrumentation-agent-8.11.1.jar org.gradle.launcher.daemon.bootstrap.GradleDaemon 8.11.1

Host: 12th Gen Intel(R) Core(TM) i5-12400, 12 cores, 15G,  Windows 11 , 64 bit Build 26100 (10.0.26100.7019)
Time: Fri Nov 21 19:21:10 2025 Hora estándar romance elapsed time: 6.201317 seconds (0d 0h 0m 6s)

---------------  T H R E A D  ---------------

Current thread (0x0000027704c9bc60):  JavaThread "C2 CompilerThread0" daemon [_thread_in_native, id=6356, stack(0x00000083bd100000,0x00000083bd200000) (1024K)]


Current CompileTask:
C2:6201 7454   !   4       org.jetbrains.kotlin.metadata.ProtoBuf$Function::<init> (1410 bytes)

Stack: [0x00000083bd100000,0x00000083bd200000]
Native frames: (J=compiled Java code, j=interpreted, Vv=VM code, C=native code)
V  [jvm.dll+0x6d0639]
V  [jvm.dll+0x85eb03]
V  [jvm.dll+0x86105e]
V  [jvm.dll+0x861743]
V  [jvm.dll+0x27e6e6]
V  [jvm.dll+0xbff6d]
V  [jvm.dll+0xc04a3]
V  [jvm.dll+0x3b61ab]
V  [jvm.dll+0x3820c7]
V  [jvm.dll+0x38153a]
V  [jvm.dll+0x247c82]
V  [jvm.dll+0x247251]
V  [jvm.dll+0x1c5f04]
V  [jvm.dll+0x2569ac]
V  [jvm.dll+0x254ef6]
V  [jvm.dll+0x3f0e96]
V  [jvm.dll+0x806ed8]
V  [jvm.dll+0x6cef0d]
C  [ucrtbase.dll+0x37b0]
C  [KERNEL32.DLL+0x2e8d7]
C  [ntdll.dll+0x8c53c]


---------------  P R O C E S S  ---------------

Threads class SMR info:
_java_thread_list=0x000002770544c150, length=67, elements={
0x000002776ad18560, 0x0000027704c6a3f0, 0x0000027704cb3200, 0x0000027704cb4520,
0x0000027704cb4f70, 0x0000027704cb63e0, 0x0000027704cb6e30, 0x0000027704c9bc60,
0x0000027704cd06a0, 0x0000027704d1af40, 0x0000027705112120, 0x000002770b513c30,
0x000002770b2c18d0, 0x000002770b244ee0, 0x000002770b5080d0, 0x000002770b4fd470,
0x000002770b4c27e0, 0x000002770b4f71a0, 0x000002770b4f4870, 0x000002770b4f4ed0,
0x000002770b3c6e30, 0x000002770b3c67a0, 0x000002770b3c46d0, 0x000002770b3c4d60,
0x000002770b3c74c0, 0x000002770b3c5a80, 0x000002770b3c53f0, 0x000002770b3c6110,
0x000002770b3c7b50, 0x000002770b9814a0, 0x000002770b97e020, 0x000002770b97ed40,
0x000002770b97f3d0, 0x000002770b980e10, 0x000002770b97e6b0, 0x000002770b982ee0,
0x000002770b97fa60, 0x000002770b980780, 0x000002770b982850, 0x000002770b983570,
0x000002770b9800f0, 0x000002770b981b30, 0x000002770b983c00, 0x000002770b984290,
0x00000277100d90e0, 0x00000277100da490, 0x00000277100d9770, 0x00000277100d83c0,
0x00000277100dab20, 0x00000277100d9e00, 0x00000277100db1b0, 0x00000277100db840,
0x00000277100dbed0, 0x00000277100d8a50, 0x00000277100dc560, 0x00000277100dcbf0,
0x00000277100ddfa0, 0x00000277100decc0, 0x00000277100dd910, 0x00000277100de630,
0x00000277100df350, 0x00000277100df9e0, 0x00000277100dd280, 0x000002770ce40c10,
0x000002770ce3fef0, 0x000002770ff6fd60, 0x000002770ff6f690
}

Java Threads: ( => current thread )
  0x000002776ad18560 JavaThread "main"                              [_thread_blocked, id=10208, stack(0x00000083bc300000,0x00000083bc400000) (1024K)]
  0x0000027704c6a3f0 JavaThread "Reference Handler"          daemon [_thread_blocked, id=20556, stack(0x00000083bcb00000,0x00000083bcc00000) (1024K)]
  0x0000027704cb3200 JavaThread "Finalizer"                  daemon [_thread_blocked, id=10424, stack(0x00000083bcc00000,0x00000083bcd00000) (1024K)]
  0x0000027704cb4520 JavaThread "Signal Dispatcher"          daemon [_thread_blocked, id=20900, stack(0x00000083bcd00000,0x00000083bce00000) (1024K)]
  0x0000027704cb4f70 JavaThread "Attach Listener"            daemon [_thread_blocked, id=9012, stack(0x00000083bce00000,0x00000083bcf00000) (1024K)]
  0x0000027704cb63e0 JavaThread "Service Thread"             daemon [_thread_blocked, id=21916, stack(0x00000083bcf00000,0x00000083bd000000) (1024K)]
  0x0000027704cb6e30 JavaThread "Monitor Deflation Thread"   daemon [_thread_blocked, id=6364, stack(0x00000083bd000000,0x00000083bd100000) (1024K)]
=>0x0000027704c9bc60 JavaThread "C2 CompilerThread0"         daemon [_thread_in_native, id=6356, stack(0x00000083bd100000,0x00000083bd200000) (1024K)]
  0x0000027704cd06a0 JavaThread "C1 CompilerThread0"         daemon [_thread_blocked, id=20348, stack(0x00000083bd200000,0x00000083bd300000) (1024K)]
  0x0000027704d1af40 JavaThread "Common-Cleaner"             daemon [_thread_blocked, id=11204, stack(0x00000083bd300000,0x00000083bd400000) (1024K)]
  0x0000027705112120 JavaThread "Notification Thread"        daemon [_thread_blocked, id=19588, stack(0x00000083bd400000,0x00000083bd500000) (1024K)]
  0x000002770b513c30 JavaThread "Daemon health stats"               [_thread_blocked, id=19396, stack(0x00000083bdd00000,0x00000083bde00000) (1024K)]
  0x000002770b2c18d0 JavaThread "Incoming local TCP Connector on port 55823"        [_thread_in_native, id=16100, stack(0x00000083bde00000,0x00000083bdf00000) (1024K)]
  0x000002770b244ee0 JavaThread "Daemon periodic checks"            [_thread_blocked, id=17880, stack(0x00000083bdf00000,0x00000083be000000) (1024K)]
  0x000002770b5080d0 JavaThread "Daemon"                            [_thread_blocked, id=9072, stack(0x00000083be000000,0x00000083be100000) (1024K)]
  0x000002770b4fd470 JavaThread "Handler for socket connection from /127.0.0.1:55823 to /127.0.0.1:55824"        [_thread_in_native, id=20940, stack(0x00000083be100000,0x00000083be200000) (1024K)]
  0x000002770b4c27e0 JavaThread "Cancel handler"                    [_thread_blocked, id=14996, stack(0x00000083be200000,0x00000083be300000) (1024K)]
  0x000002770b4f71a0 JavaThread "Daemon worker"                     [_thread_in_vm, id=7776, stack(0x00000083be300000,0x00000083be400000) (1024K)]
  0x000002770b4f4870 JavaThread "Asynchronous log dispatcher for DefaultDaemonConnection: socket connection from /127.0.0.1:55823 to /127.0.0.1:55824"        [_thread_blocked, id=5144, stack(0x00000083be400000,0x00000083be500000) (1024K)]
  0x000002770b4f4ed0 JavaThread "Stdin handler"                     [_thread_blocked, id=20284, stack(0x00000083be500000,0x00000083be600000) (1024K)]
  0x000002770b3c6e30 JavaThread "Daemon client event forwarder"        [_thread_blocked, id=16196, stack(0x00000083be600000,0x00000083be700000) (1024K)]
  0x000002770b3c67a0 JavaThread "Cache worker for journal cache (C:\Users\DAM2\.gradle\caches\journal-1)"        [_thread_blocked, id=16328, stack(0x00000083bec00000,0x00000083bed00000) (1024K)]
  0x000002770b3c46d0 JavaThread "File lock request listener"        [_thread_in_native, id=6956, stack(0x00000083bed00000,0x00000083bee00000) (1024K)]
  0x000002770b3c4d60 JavaThread "Cache worker for file hash cache (C:\Users\DAM2\.gradle\caches\8.11.1\fileHashes)"        [_thread_blocked, id=21688, stack(0x00000083bee00000,0x00000083bef00000) (1024K)]
  0x000002770b3c74c0 JavaThread "Cache worker for file content cache (C:\Users\DAM2\.gradle\caches\8.11.1\fileContent)"        [_thread_blocked, id=12360, stack(0x00000083bef00000,0x00000083bf000000) (1024K)]
  0x000002770b3c5a80 JavaThread "Cache worker for file hash cache (C:\Users\DAM2\AndroidStudioProjects\EstadosActivity\.gradle\8.11.1\fileHashes)"        [_thread_blocked, id=21772, stack(0x00000083bf000000,0x00000083bf100000) (1024K)]
  0x000002770b3c53f0 JavaThread "Cache worker for Build Output Cleanup Cache (C:\Users\DAM2\AndroidStudioProjects\EstadosActivity\.gradle\buildOutputCleanup)"        [_thread_blocked, id=18956, stack(0x00000083bf100000,0x00000083bf200000) (1024K)]
  0x000002770b3c6110 JavaThread "File watcher server"        daemon [_thread_in_native, id=15732, stack(0x00000083bf200000,0x00000083bf300000) (1024K)]
  0x000002770b3c7b50 JavaThread "File watcher consumer"      daemon [_thread_blocked, id=19848, stack(0x00000083bf300000,0x00000083bf400000) (1024K)]
  0x000002770b9814a0 JavaThread "jar transforms"                    [_thread_blocked, id=6784, stack(0x00000083bf400000,0x00000083bf500000) (1024K)]
  0x000002770b97e020 JavaThread "jar transforms Thread 2"           [_thread_blocked, id=11972, stack(0x00000083bf500000,0x00000083bf600000) (1024K)]
  0x000002770b97ed40 JavaThread "jar transforms Thread 3"           [_thread_blocked, id=17428, stack(0x00000083bf600000,0x00000083bf700000) (1024K)]
  0x000002770b97f3d0 JavaThread "jar transforms Thread 4"           [_thread_blocked, id=21520, stack(0x00000083bf700000,0x00000083bf800000) (1024K)]
  0x000002770b980e10 JavaThread "jar transforms Thread 5"           [_thread_blocked, id=10216, stack(0x00000083bf800000,0x00000083bf900000) (1024K)]
  0x000002770b97e6b0 JavaThread "jar transforms Thread 6"           [_thread_blocked, id=10728, stack(0x00000083bf900000,0x00000083bfa00000) (1024K)]
  0x000002770b982ee0 JavaThread "jar transforms Thread 7"           [_thread_blocked, id=21728, stack(0x00000083bfa00000,0x00000083bfb00000) (1024K)]
  0x000002770b97fa60 JavaThread "jar transforms Thread 8"           [_thread_blocked, id=21824, stack(0x00000083bfb00000,0x00000083bfc00000) (1024K)]
  0x000002770b980780 JavaThread "jar transforms Thread 9"           [_thread_blocked, id=14204, stack(0x00000083bfc00000,0x00000083bfd00000) (1024K)]
  0x000002770b982850 JavaThread "jar transforms Thread 10"          [_thread_blocked, id=21384, stack(0x00000083bfd00000,0x00000083bfe00000) (1024K)]
  0x000002770b983570 JavaThread "jar transforms Thread 11"          [_thread_blocked, id=14816, stack(0x00000083bfe00000,0x00000083bff00000) (1024K)]
  0x000002770b9800f0 JavaThread "jar transforms Thread 12"          [_thread_blocked, id=1388, stack(0x00000083bff00000,0x00000083c0000000) (1024K)]
  0x000002770b981b30 JavaThread "Cache worker for checksums cache (C:\Users\DAM2\AndroidStudioProjects\EstadosActivity\.gradle\8.11.1\checksums)"        [_thread_blocked, id=6080, stack(0x00000083c0000000,0x00000083c0100000) (1024K)]
  0x000002770b983c00 JavaThread "Cache worker for cache directory md-rule (C:\Users\DAM2\.gradle\caches\8.11.1\md-rule)"        [_thread_blocked, id=14604, stack(0x00000083c0100000,0x00000083c0200000) (1024K)]
  0x000002770b984290 JavaThread "Cache worker for cache directory md-supplier (C:\Users\DAM2\.gradle\caches\8.11.1\md-supplier)"        [_thread_blocked, id=20056, stack(0x00000083c0200000,0x00000083c0300000) (1024K)]
  0x00000277100d90e0 JavaThread "Unconstrained build operations"        [_thread_blocked, id=15024, stack(0x00000083c0300000,0x00000083c0400000) (1024K)]
  0x00000277100da490 JavaThread "Unconstrained build operations Thread 2"        [_thread_blocked, id=11188, stack(0x00000083c0400000,0x00000083c0500000) (1024K)]
  0x00000277100d9770 JavaThread "Unconstrained build operations Thread 3"        [_thread_blocked, id=19484, stack(0x00000083c0500000,0x00000083c0600000) (1024K)]
  0x00000277100d83c0 JavaThread "Unconstrained build operations Thread 4"        [_thread_blocked, id=3424, stack(0x00000083c0600000,0x00000083c0700000) (1024K)]
  0x00000277100dab20 JavaThread "Unconstrained build operations Thread 5"        [_thread_blocked, id=19492, stack(0x00000083c0700000,0x00000083c0800000) (1024K)]
  0x00000277100d9e00 JavaThread "Unconstrained build operations Thread 6"        [_thread_blocked, id=19432, stack(0x00000083c0800000,0x00000083c0900000) (1024K)]
  0x00000277100db1b0 JavaThread "Unconstrained build operations Thread 7"        [_thread_blocked, id=20544, stack(0x00000083c0900000,0x00000083c0a00000) (1024K)]
  0x00000277100db840 JavaThread "Unconstrained build operations Thread 8"        [_thread_blocked, id=18020, stack(0x00000083c0a00000,0x00000083c0b00000) (1024K)]
  0x00000277100dbed0 JavaThread "Unconstrained build operations Thread 9"        [_thread_blocked, id=8472, stack(0x00000083c0b00000,0x00000083c0c00000) (1024K)]
  0x00000277100d8a50 JavaThread "Unconstrained build operations Thread 10"        [_thread_blocked, id=9776, stack(0x00000083c0c00000,0x00000083c0d00000) (1024K)]
  0x00000277100dc560 JavaThread "Unconstrained build operations Thread 11"        [_thread_blocked, id=22092, stack(0x00000083c0d00000,0x00000083c0e00000) (1024K)]
  0x00000277100dcbf0 JavaThread "Unconstrained build operations Thread 12"        [_thread_blocked, id=20256, stack(0x00000083c0e00000,0x00000083c0f00000) (1024K)]
  0x00000277100ddfa0 JavaThread "Unconstrained build operations Thread 13"        [_thread_blocked, id=15312, stack(0x00000083c0f00000,0x00000083c1000000) (1024K)]
  0x00000277100decc0 JavaThread "Unconstrained build operations Thread 14"        [_thread_blocked, id=6500, stack(0x00000083c1000000,0x00000083c1100000) (1024K)]
  0x00000277100dd910 JavaThread "Unconstrained build operations Thread 15"        [_thread_blocked, id=19852, stack(0x00000083c1100000,0x00000083c1200000) (1024K)]
  0x00000277100de630 JavaThread "Unconstrained build operations Thread 16"        [_thread_blocked, id=19632, stack(0x00000083c1200000,0x00000083c1300000) (1024K)]
  0x00000277100df350 JavaThread "Unconstrained build operations Thread 17"        [_thread_blocked, id=12604, stack(0x00000083c1300000,0x00000083c1400000) (1024K)]
  0x00000277100df9e0 JavaThread "Unconstrained build operations Thread 18"        [_thread_blocked, id=22208, stack(0x00000083c1400000,0x00000083c1500000) (1024K)]
  0x00000277100dd280 JavaThread "Unconstrained build operations Thread 19"        [_thread_blocked, id=11016, stack(0x00000083c1500000,0x00000083c1600000) (1024K)]
  0x000002770ce40c10 JavaThread "Unconstrained build operations Thread 20"        [_thread_blocked, id=21196, stack(0x00000083c1600000,0x00000083c1700000) (1024K)]
  0x000002770ce3fef0 JavaThread "Unconstrained build operations Thread 21"        [_thread_blocked, id=6584, stack(0x00000083c1700000,0x00000083c1800000) (1024K)]
  0x000002770ff6fd60 JavaThread "C2 CompilerThread1"         daemon [_thread_in_native, id=15728, stack(0x00000083bd500000,0x00000083bd600000) (1024K)]
  0x000002770ff6f690 JavaThread "C2 CompilerThread2"         daemon [_thread_in_native, id=17184, stack(0x00000083bd600000,0x00000083bd700000) (1024K)]
Total: 67

Other Threads:
  0x0000027704b8e930 VMThread "VM Thread"                           [id=9132, stack(0x00000083bca00000,0x00000083bcb00000) (1024K)]
  0x0000027704c115e0 WatcherThread "VM Periodic Task Thread"        [id=13480, stack(0x00000083bc900000,0x00000083bca00000) (1024K)]
  0x000002776b183bb0 WorkerThread "GC Thread#0"                     [id=11820, stack(0x00000083bc400000,0x00000083bc500000) (1024K)]
  0x000002770578ce90 WorkerThread "GC Thread#1"                     [id=18944, stack(0x00000083bd700000,0x00000083bd800000) (1024K)]
  0x0000027705242060 WorkerThread "GC Thread#2"                     [id=19408, stack(0x00000083bd800000,0x00000083bd900000) (1024K)]
  0x0000027705242400 WorkerThread "GC Thread#3"                     [id=20576, stack(0x00000083bd900000,0x00000083bda00000) (1024K)]
  0x00000277052427a0 WorkerThread "GC Thread#4"                     [id=10996, stack(0x00000083bda00000,0x00000083bdb00000) (1024K)]
  0x0000027705242b40 WorkerThread "GC Thread#5"                     [id=2448, stack(0x00000083bdb00000,0x00000083bdc00000) (1024K)]
  0x000002770b267270 WorkerThread "GC Thread#6"                     [id=13648, stack(0x00000083bdc00000,0x00000083bdd00000) (1024K)]
  0x000002770b52e230 WorkerThread "GC Thread#7"                     [id=17792, stack(0x00000083be700000,0x00000083be800000) (1024K)]
  0x000002770b52daf0 WorkerThread "GC Thread#8"                     [id=6328, stack(0x00000083be800000,0x00000083be900000) (1024K)]
  0x000002770b52de90 WorkerThread "GC Thread#9"                     [id=10012, stack(0x00000083be900000,0x00000083bea00000) (1024K)]
  0x000002776b1d3b80 ConcurrentGCThread "G1 Main Marker"            [id=9308, stack(0x00000083bc500000,0x00000083bc600000) (1024K)]
  0x000002776b1d4d30 WorkerThread "G1 Conc#0"                       [id=12384, stack(0x00000083bc600000,0x00000083bc700000) (1024K)]
  0x000002770b52e5d0 WorkerThread "G1 Conc#1"                       [id=7276, stack(0x00000083bea00000,0x00000083beb00000) (1024K)]
  0x000002770b4675c0 WorkerThread "G1 Conc#2"                       [id=21880, stack(0x00000083beb00000,0x00000083bec00000) (1024K)]
  0x0000027704a7efa0 ConcurrentGCThread "G1 Refine#0"               [id=20492, stack(0x00000083bc700000,0x00000083bc800000) (1024K)]
  0x0000027704a7fa20 ConcurrentGCThread "G1 Service"                [id=4628, stack(0x00000083bc800000,0x00000083bc900000) (1024K)]
Total: 18

Threads with active compile tasks:
C2 CompilerThread0  6222 7454   !   4       org.jetbrains.kotlin.metadata.ProtoBuf$Function::<init> (1410 bytes)
C2 CompilerThread1  6222 7500       4       org.jetbrains.kotlin.protobuf.FieldSet::iterator (40 bytes)
C2 CompilerThread2  6222 7501       4       org.jetbrains.kotlin.protobuf.SmallSortedMap::entrySet (25 bytes)
Total: 3

VM state: not at safepoint (normal execution)

VM Mutex/Monitor currently owned by a thread:  ([mutex/lock_event])
[0x00007ffd8d11ea20] SystemDictionary_lock - owner thread: 0x0000000000000000

Heap address: 0x0000000080000000, size: 2048 MB, Compressed Oops mode: 32-bit

CDS archive(s) not mapped
Compressed class space mapped at: 0x0000000100000000-0x0000000140000000, reserved size: 1073741824
Narrow klass base: 0x0000000000000000, Narrow klass shift: 3, Narrow klass range: 0x140000000

GC Precious Log:
 CardTable entry size: 512
 Card Set container configuration: InlinePtr #cards 5 size 8 Array Of Cards #cards 12 size 40 Howl #buckets 4 coarsen threshold 1843 Howl Bitmap #cards 512 size 80 coarsen threshold 460 Card regions per heap region 1 cards per card region 2048
 CPUs: 12 total, 12 available
 Memory: 16171M
 Large Page Support: Disabled
 NUMA Support: Disabled
 Compressed Oops: Enabled (32-bit)
 Heap Region Size: 1M
 Heap Min Capacity: 8M
 Heap Initial Capacity: 254M
 Heap Max Capacity: 2G
 Pre-touch: Disabled
 Parallel Workers: 10
 Concurrent Workers: 3
 Concurrent Refinement Workers: 10
 Periodic GC: Disabled

Heap:
 garbage-first heap   total 184320K, used 137996K [0x0000000080000000, 0x0000000100000000)
  region size 1024K, 34 young (34816K), 5 survivors (5120K)
 Metaspace       used 99685K, committed 101760K, reserved 1179648K
  class space    used 13260K, committed 14272K, reserved 1048576K

Heap Regions: E=young(eden), S=young(survivor), O=old, HS=humongous(starts), HC=humongous(continues), CS=collection set, F=free, TAMS=top-at-mark-start, PB=parsable bottom
|   0|0x0000000080000000, 0x0000000080100000, 0x0000000080100000|100%| O|  |TAMS 0x0000000080000000| PB 0x0000000080000000| Untracked 
|   1|0x0000000080100000, 0x0000000080200000, 0x0000000080200000|100%|HS|  |TAMS 0x0000000080100000| PB 0x0000000080100000| Complete 
|   2|0x0000000080200000, 0x0000000080300000, 0x0000000080300000|100%|HC|  |TAMS 0x0000000080200000| PB 0x0000000080200000| Complete 
|   3|0x0000000080300000, 0x0000000080400000, 0x0000000080400000|100%|HC|  |TAMS 0x0000000080300000| PB 0x0000000080300000| Complete 
|   4|0x0000000080400000, 0x0000000080500000, 0x0000000080500000|100%| O|  |TAMS 0x0000000080400000| PB 0x0000000080400000| Untracked 
|   5|0x0000000080500000, 0x0000000080600000, 0x0000000080600000|100%| O|  |TAMS 0x0000000080500000| PB 0x0000000080500000| Untracked 
|   6|0x0000000080600000, 0x0000000080700000, 0x0000000080700000|100%| O|  |TAMS 0x0000000080600000| PB 0x0000000080600000| Untracked 
|   7|0x0000000080700000, 0x0000000080800000, 0x0000000080800000|100%|HS|  |TAMS 0x0000000080700000| PB 0x0000000080700000| Complete 
|   8|0x0000000080800000, 0x0000000080900000, 0x0000000080900000|100%| O|  |TAMS 0x0000000080800000| PB 0x0000000080800000| Untracked 
|   9|0x0000000080900000, 0x0000000080a00000, 0x0000000080a00000|100%| O|  |TAMS 0x0000000080900000| PB 0x0000000080900000| Untracked 
|  10|0x0000000080a00000, 0x0000000080b00000, 0x0000000080b00000|100%| O|  |TAMS 0x0000000080a00000| PB 0x0000000080a00000| Untracked 
|  11|0x0000000080b00000, 0x0000000080c00000, 0x0000000080c00000|100%| O|  |TAMS 0x0000000080b00000| PB 0x0000000080b00000| Untracked 
|  12|0x0000000080c00000, 0x0000000080d00000, 0x0000000080d00000|100%| O|  |TAMS 0x0000000080c00000| PB 0x0000000080c00000| Untracked 
|  13|0x0000000080d00000, 0x0000000080e00000, 0x0000000080e00000|100%| O|  |TAMS 0x0000000080d00000| PB 0x0000000080d00000| Untracked 
|  14|0x0000000080e00000, 0x0000000080f00000, 0x0000000080f00000|100%| O|  |TAMS 0x0000000080e00000| PB 0x0000000080e00000| Untracked 
|  15|0x0000000080f00000, 0x0000000081000000, 0x0000000081000000|100%| O|  |TAMS 0x0000000080f00000| PB 0x0000000080f00000| Untracked 
|  16|0x0000000081000000, 0x0000000081100000, 0x0000000081100000|100%| O|  |TAMS 0x0000000081000000| PB 0x0000000081000000| Untracked 
|  17|0x0000000081100000, 0x0000000081200000, 0x0000000081200000|100%| O|  |TAMS 0x0000000081100000| PB 0x0000000081100000| Untracked 
|  18|0x0000000081200000, 0x0000000081300000, 0x0000000081300000|100%| O|  |TAMS 0x0000000081200000| PB 0x0000000081200000| Untracked 
|  19|0x0000000081300000, 0x0000000081400000, 0x0000000081400000|100%| O|  |TAMS 0x0000000081300000| PB 0x0000000081300000| Untracked 
|  20|0x0000000081400000, 0x0000000081500000, 0x0000000081500000|100%| O|  |TAMS 0x0000000081400000| PB 0x0000000081400000| Untracked 
|  21|0x0000000081500000, 0x0000000081600000, 0x0000000081600000|100%|HS|  |TAMS 0x0000000081500000| PB 0x0000000081500000| Complete 
|  22|0x0000000081600000, 0x0000000081700000, 0x0000000081700000|100%|HC|  |TAMS 0x0000000081600000| PB 0x0000000081600000| Complete 
|  23|0x0000000081700000, 0x0000000081800000, 0x0000000081800000|100%|HC|  |TAMS 0x0000000081700000| PB 0x0000000081700000| Complete 
|  24|0x0000000081800000, 0x0000000081900000, 0x0000000081900000|100%|HC|  |TAMS 0x0000000081800000| PB 0x0000000081800000| Complete 
|  25|0x0000000081900000, 0x0000000081a00000, 0x0000000081a00000|100%|HC|  |TAMS 0x0000000081900000| PB 0x0000000081900000| Complete 
|  26|0x0000000081a00000, 0x0000000081b00000, 0x0000000081b00000|100%|HC|  |TAMS 0x0000000081a00000| PB 0x0000000081a00000| Complete 
|  27|0x0000000081b00000, 0x0000000081c00000, 0x0000000081c00000|100%|HS|  |TAMS 0x0000000081b00000| PB 0x0000000081b00000| Complete 
|  28|0x0000000081c00000, 0x0000000081d00000, 0x0000000081d00000|100%| O|  |TAMS 0x0000000081c00000| PB 0x0000000081c00000| Untracked 
|  29|0x0000000081d00000, 0x0000000081e00000, 0x0000000081e00000|100%| O|  |TAMS 0x0000000081d00000| PB 0x0000000081d00000| Untracked 
|  30|0x0000000081e00000, 0x0000000081f00000, 0x0000000081f00000|100%| O|  |TAMS 0x0000000081e00000| PB 0x0000000081e00000| Untracked 
|  31|0x0000000081f00000, 0x0000000082000000, 0x0000000082000000|100%| O|  |TAMS 0x0000000081f00000| PB 0x0000000081f00000| Untracked 
|  32|0x0000000082000000, 0x0000000082100000, 0x0000000082100000|100%| O|  |TAMS 0x0000000082000000| PB 0x0000000082000000| Untracked 
|  33|0x0000000082100000, 0x0000000082200000, 0x0000000082200000|100%|HS|  |TAMS 0x0000000082100000| PB 0x0000000082100000| Complete 
|  34|0x0000000082200000, 0x0000000082300000, 0x0000000082300000|100%|HC|  |TAMS 0x0000000082200000| PB 0x0000000082200000| Complete 
|  35|0x0000000082300000, 0x0000000082400000, 0x0000000082400000|100%|HC|  |TAMS 0x0000000082300000| PB 0x0000000082300000| Complete 
|  36|0x0000000082400000, 0x0000000082500000, 0x0000000082500000|100%|HC|  |TAMS 0x0000000082400000| PB 0x0000000082400000| Complete 
|  37|0x0000000082500000, 0x0000000082600000, 0x0000000082600000|100%|HS|  |TAMS 0x0000000082500000| PB 0x0000000082500000| Complete 
|  38|0x0000000082600000, 0x0000000082700000, 0x0000000082700000|100%|HC|  |TAMS 0x0000000082600000| PB 0x0000000082600000| Complete 
|  39|0x0000000082700000, 0x0000000082800000, 0x0000000082800000|100%| O|  |TAMS 0x0000000082700000| PB 0x0000000082700000| Untracked 
|  40|0x0000000082800000, 0x0000000082900000, 0x0000000082900000|100%| O|  |TAMS 0x0000000082800000| PB 0x0000000082800000| Untracked 
|  41|0x0000000082900000, 0x0000000082a00000, 0x0000000082a00000|100%| O|  |TAMS 0x0000000082900000| PB 0x0000000082900000| Untracked 
|  42|0x0000000082a00000, 0x0000000082b00000, 0x0000000082b00000|100%| O|  |TAMS 0x0000000082a00000| PB 0x0000000082a00000| Untracked 
|  43|0x0000000082b00000, 0x0000000082c00000, 0x0000000082c00000|100%| O|  |TAMS 0x0000000082b00000| PB 0x0000000082b00000| Untracked 
|  44|0x0000000082c00000, 0x0000000082d00000, 0x0000000082d00000|100%| O|  |TAMS 0x0000000082c00000| PB 0x0000000082c00000| Untracked 
|  45|0x0000000082d00000, 0x0000000082e00000, 0x0000000082e00000|100%| O|  |TAMS 0x0000000082d00000| PB 0x0000000082d00000| Untracked 
|  46|0x0000000082e00000, 0x0000000082f00000, 0x0000000082f00000|100%| O|  |TAMS 0x0000000082e00000| PB 0x0000000082e00000| Untracked 
|  47|0x0000000082f00000, 0x0000000083000000, 0x0000000083000000|100%|HS|  |TAMS 0x0000000082f00000| PB 0x0000000082f00000| Complete 
|  48|0x0000000083000000, 0x0000000083100000, 0x0000000083100000|100%|HC|  |TAMS 0x0000000083000000| PB 0x0000000083000000| Complete 
|  49|0x0000000083100000, 0x0000000083200000, 0x0000000083200000|100%|HS|  |TAMS 0x0000000083100000| PB 0x0000000083100000| Complete 
|  50|0x0000000083200000, 0x0000000083300000, 0x0000000083300000|100%| O|  |TAMS 0x0000000083200000| PB 0x0000000083200000| Untracked 
|  51|0x0000000083300000, 0x0000000083400000, 0x0000000083400000|100%| O|  |TAMS 0x0000000083300000| PB 0x0000000083300000| Untracked 
|  52|0x0000000083400000, 0x0000000083500000, 0x0000000083500000|100%| O|  |TAMS 0x0000000083400000| PB 0x0000000083400000| Untracked 
|  53|0x0000000083500000, 0x0000000083600000, 0x0000000083600000|100%| O|  |TAMS 0x0000000083500000| PB 0x0000000083500000| Untracked 
|  54|0x0000000083600000, 0x0000000083700000, 0x0000000083700000|100%| O|  |TAMS 0x0000000083600000| PB 0x0000000083600000| Untracked 
|  55|0x0000000083700000, 0x0000000083800000, 0x0000000083800000|100%|HS|  |TAMS 0x0000000083700000| PB 0x0000000083700000| Complete 
|  56|0x0000000083800000, 0x0000000083900000, 0x0000000083900000|100%|HC|  |TAMS 0x0000000083800000| PB 0x0000000083800000| Complete 
|  57|0x0000000083900000, 0x0000000083a00000, 0x0000000083a00000|100%|HC|  |TAMS 0x0000000083900000| PB 0x0000000083900000| Complete 
|  58|0x0000000083a00000, 0x0000000083b00000, 0x0000000083b00000|100%|HC|  |TAMS 0x0000000083a00000| PB 0x0000000083a00000| Complete 
|  59|0x0000000083b00000, 0x0000000083c00000, 0x0000000083c00000|100%|HC|  |TAMS 0x0000000083b00000| PB 0x0000000083b00000| Complete 
|  60|0x0000000083c00000, 0x0000000083d00000, 0x0000000083d00000|100%|HC|  |TAMS 0x0000000083c00000| PB 0x0000000083c00000| Complete 
|  61|0x0000000083d00000, 0x0000000083e00000, 0x0000000083e00000|100%| O|  |TAMS 0x0000000083d00000| PB 0x0000000083d00000| Untracked 
|  62|0x0000000083e00000, 0x0000000083f00000, 0x0000000083f00000|100%| O|  |TAMS 0x0000000083e00000| PB 0x0000000083e00000| Untracked 
|  63|0x0000000083f00000, 0x0000000084000000, 0x0000000084000000|100%| O|Cm|TAMS 0x0000000083f00000| PB 0x0000000083f00000| Complete 
|  64|0x0000000084000000, 0x0000000084100000, 0x0000000084100000|100%|HS|  |TAMS 0x0000000084000000| PB 0x0000000084000000| Complete 
|  65|0x0000000084100000, 0x0000000084200000, 0x0000000084200000|100%|HC|  |TAMS 0x0000000084100000| PB 0x0000000084100000| Complete 
|  66|0x0000000084200000, 0x0000000084300000, 0x0000000084300000|100%|HC|  |TAMS 0x0000000084200000| PB 0x0000000084200000| Complete 
|  67|0x0000000084300000, 0x0000000084400000, 0x0000000084400000|100%|HC|  |TAMS 0x0000000084300000| PB 0x0000000084300000| Complete 
|  68|0x0000000084400000, 0x0000000084500000, 0x0000000084500000|100%|HC|  |TAMS 0x0000000084400000| PB 0x0000000084400000| Complete 
|  69|0x0000000084500000, 0x0000000084600000, 0x0000000084600000|100%|HC|  |TAMS 0x0000000084500000| PB 0x0000000084500000| Complete 
|  70|0x0000000084600000, 0x0000000084700000, 0x0000000084700000|100%| O|  |TAMS 0x0000000084600000| PB 0x0000000084600000| Untracked 
|  71|0x0000000084700000, 0x0000000084800000, 0x0000000084800000|100%| O|  |TAMS 0x0000000084700000| PB 0x0000000084700000| Untracked 
|  72|0x0000000084800000, 0x0000000084900000, 0x0000000084900000|100%| O|  |TAMS 0x0000000084800000| PB 0x0000000084800000| Untracked 
|  73|0x0000000084900000, 0x0000000084a00000, 0x0000000084a00000|100%| O|  |TAMS 0x0000000084900000| PB 0x0000000084900000| Untracked 
|  74|0x0000000084a00000, 0x0000000084b00000, 0x0000000084b00000|100%| O|  |TAMS 0x0000000084a00000| PB 0x0000000084a00000| Untracked 
|  75|0x0000000084b00000, 0x0000000084c00000, 0x0000000084c00000|100%|HS|  |TAMS 0x0000000084b00000| PB 0x0000000084b00000| Complete 
|  76|0x0000000084c00000, 0x0000000084d00000, 0x0000000084d00000|100%| O|  |TAMS 0x0000000084c00000| PB 0x0000000084c00000| Untracked 
|  77|0x0000000084d00000, 0x0000000084e00000, 0x0000000084e00000|100%| O|  |TAMS 0x0000000084d00000| PB 0x0000000084d00000| Untracked 
|  78|0x0000000084e00000, 0x0000000084f00000, 0x0000000084f00000|100%| O|  |TAMS 0x0000000084e00000| PB 0x0000000084e00000| Untracked 
|  79|0x0000000084f00000, 0x0000000085000000, 0x0000000085000000|100%| O|  |TAMS 0x0000000084f00000| PB 0x0000000084f00000| Untracked 
|  80|0x0000000085000000, 0x0000000085100000, 0x0000000085100000|100%| O|  |TAMS 0x0000000085000000| PB 0x0000000085000000| Untracked 
|  81|0x0000000085100000, 0x0000000085200000, 0x0000000085200000|100%| O|  |TAMS 0x0000000085100000| PB 0x0000000085100000| Untracked 
|  82|0x0000000085200000, 0x0000000085300000, 0x0000000085300000|100%| O|  |TAMS 0x0000000085200000| PB 0x0000000085200000| Untracked 
|  83|0x0000000085300000, 0x0000000085400000, 0x0000000085400000|100%| O|  |TAMS 0x0000000085300000| PB 0x0000000085300000| Untracked 
|  84|0x0000000085400000, 0x0000000085500000, 0x0000000085500000|100%|HS|  |TAMS 0x0000000085400000| PB 0x0000000085400000| Complete 
|  85|0x0000000085500000, 0x0000000085600000, 0x0000000085600000|100%|HC|  |TAMS 0x0000000085500000| PB 0x0000000085500000| Complete 
|  86|0x0000000085600000, 0x0000000085700000, 0x0000000085700000|100%|HC|  |TAMS 0x0000000085600000| PB 0x0000000085600000| Complete 
|  87|0x0000000085700000, 0x0000000085800000, 0x0000000085800000|100%|HC|  |TAMS 0x0000000085700000| PB 0x0000000085700000| Complete 
|  88|0x0000000085800000, 0x0000000085900000, 0x0000000085900000|100%|HC|  |TAMS 0x0000000085800000| PB 0x0000000085800000| Complete 
|  89|0x0000000085900000, 0x0000000085a00000, 0x0000000085a00000|100%|HC|  |TAMS 0x0000000085900000| PB 0x0000000085900000| Complete 
|  90|0x0000000085a00000, 0x0000000085b00000, 0x0000000085b00000|100%|HS|  |TAMS 0x0000000085a00000| PB 0x0000000085a00000| Complete 
|  91|0x0000000085b00000, 0x0000000085b00000, 0x0000000085c00000|  0%| F|  |TAMS 0x0000000085b00000| PB 0x0000000085b00000| Untracked 
|  92|0x0000000085c00000, 0x0000000085c00000, 0x0000000085d00000|  0%| F|  |TAMS 0x0000000085c00000| PB 0x0000000085c00000| Untracked 
|  93|0x0000000085d00000, 0x0000000085d00000, 0x0000000085e00000|  0%| F|  |TAMS 0x0000000085d00000| PB 0x0000000085d00000| Untracked 
|  94|0x0000000085e00000, 0x0000000085e00000, 0x0000000085f00000|  0%| F|  |TAMS 0x0000000085e00000| PB 0x0000000085e00000| Untracked 
|  95|0x0000000085f00000, 0x0000000085f00000, 0x0000000086000000|  0%| F|  |TAMS 0x0000000085f00000| PB 0x0000000085f00000| Untracked 
|  96|0x0000000086000000, 0x0000000086100000, 0x0000000086100000|100%| O|  |TAMS 0x0000000086000000| PB 0x0000000086000000| Untracked 
|  97|0x0000000086100000, 0x00000000861558d0, 0x0000000086200000| 33%| O|  |TAMS 0x0000000086100000| PB 0x0000000086100000| Untracked 
|  98|0x0000000086200000, 0x0000000086200000, 0x0000000086300000|  0%| F|  |TAMS 0x0000000086200000| PB 0x0000000086200000| Untracked 
|  99|0x0000000086300000, 0x0000000086300000, 0x0000000086400000|  0%| F|  |TAMS 0x0000000086300000| PB 0x0000000086300000| Untracked 
| 100|0x0000000086400000, 0x0000000086400000, 0x0000000086500000|  0%| F|  |TAMS 0x0000000086400000| PB 0x0000000086400000| Untracked 
| 101|0x0000000086500000, 0x0000000086500000, 0x0000000086600000|  0%| F|  |TAMS 0x0000000086500000| PB 0x0000000086500000| Untracked 
| 102|0x0000000086600000, 0x0000000086600000, 0x0000000086700000|  0%| F|  |TAMS 0x0000000086600000| PB 0x0000000086600000| Untracked 
| 103|0x0000000086700000, 0x0000000086700000, 0x0000000086800000|  0%| F|  |TAMS 0x0000000086700000| PB 0x0000000086700000| Untracked 
| 104|0x0000000086800000, 0x0000000086800000, 0x0000000086900000|  0%| F|  |TAMS 0x0000000086800000| PB 0x0000000086800000| Untracked 
| 105|0x0000000086900000, 0x0000000086900000, 0x0000000086a00000|  0%| F|  |TAMS 0x0000000086900000| PB 0x0000000086900000| Untracked 
| 106|0x0000000086a00000, 0x0000000086a00000, 0x0000000086b00000|  0%| F|  |TAMS 0x0000000086a00000| PB 0x0000000086a00000| Untracked 
| 107|0x0000000086b00000, 0x0000000086b00000, 0x0000000086c00000|  0%| F|  |TAMS 0x0000000086b00000| PB 0x0000000086b00000| Untracked 
| 108|0x0000000086c00000, 0x0000000086c00000, 0x0000000086d00000|  0%| F|  |TAMS 0x0000000086c00000| PB 0x0000000086c00000| Untracked 
| 109|0x0000000086d00000, 0x0000000086d00000, 0x0000000086e00000|  0%| F|  |TAMS 0x0000000086d00000| PB 0x0000000086d00000| Untracked 
| 110|0x0000000086e00000, 0x0000000086e00000, 0x0000000086f00000|  0%| F|  |TAMS 0x0000000086e00000| PB 0x0000000086e00000| Untracked 
| 111|0x0000000086f00000, 0x0000000086f00000, 0x0000000087000000|  0%| F|  |TAMS 0x0000000086f00000| PB 0x0000000086f00000| Untracked 
| 112|0x0000000087000000, 0x0000000087000000, 0x0000000087100000|  0%| F|  |TAMS 0x0000000087000000| PB 0x0000000087000000| Untracked 
| 113|0x0000000087100000, 0x0000000087100000, 0x0000000087200000|  0%| F|  |TAMS 0x0000000087100000| PB 0x0000000087100000| Untracked 
| 114|0x0000000087200000, 0x0000000087200000, 0x0000000087300000|  0%| F|  |TAMS 0x0000000087200000| PB 0x0000000087200000| Untracked 
| 115|0x0000000087300000, 0x0000000087300000, 0x0000000087400000|  0%| F|  |TAMS 0x0000000087300000| PB 0x0000000087300000| Untracked 
| 116|0x0000000087400000, 0x0000000087400000, 0x0000000087500000|  0%| F|  |TAMS 0x0000000087400000| PB 0x0000000087400000| Untracked 
| 117|0x0000000087500000, 0x0000000087500000, 0x0000000087600000|  0%| F|  |TAMS 0x0000000087500000| PB 0x0000000087500000| Untracked 
| 118|0x0000000087600000, 0x0000000087600000, 0x0000000087700000|  0%| F|  |TAMS 0x0000000087600000| PB 0x0000000087600000| Untracked 
| 119|0x0000000087700000, 0x0000000087700000, 0x0000000087800000|  0%| F|  |TAMS 0x0000000087700000| PB 0x0000000087700000| Untracked 
| 120|0x0000000087800000, 0x0000000087800000, 0x0000000087900000|  0%| F|  |TAMS 0x0000000087800000| PB 0x0000000087800000| Untracked 
| 121|0x0000000087900000, 0x0000000087900000, 0x0000000087a00000|  0%| F|  |TAMS 0x0000000087900000| PB 0x0000000087900000| Untracked 
| 122|0x0000000087a00000, 0x0000000087a00000, 0x0000000087b00000|  0%| F|  |TAMS 0x0000000087a00000| PB 0x0000000087a00000| Untracked 
| 123|0x0000000087b00000, 0x0000000087b00000, 0x0000000087c00000|  0%| F|  |TAMS 0x0000000087b00000| PB 0x0000000087b00000| Untracked 
| 124|0x0000000087c00000, 0x0000000087c00000, 0x0000000087d00000|  0%| F|  |TAMS 0x0000000087c00000| PB 0x0000000087c00000| Untracked 
| 125|0x0000000087d00000, 0x0000000087d00000, 0x0000000087e00000|  0%| F|  |TAMS 0x0000000087d00000| PB 0x0000000087d00000| Untracked 
| 126|0x0000000087e00000, 0x0000000087e00000, 0x0000000087f00000|  0%| F|  |TAMS 0x0000000087e00000| PB 0x0000000087e00000| Untracked 
| 127|0x0000000087f00000, 0x0000000087f00000, 0x0000000088000000|  0%| F|  |TAMS 0x0000000087f00000| PB 0x0000000087f00000| Untracked 
| 128|0x0000000088000000, 0x0000000088000000, 0x0000000088100000|  0%| F|  |TAMS 0x0000000088000000| PB 0x0000000088000000| Untracked 
| 129|0x0000000088100000, 0x0000000088100000, 0x0000000088200000|  0%| F|  |TAMS 0x0000000088100000| PB 0x0000000088100000| Untracked 
| 130|0x0000000088200000, 0x0000000088200000, 0x0000000088300000|  0%| F|  |TAMS 0x0000000088200000| PB 0x0000000088200000| Untracked 
| 131|0x0000000088300000, 0x0000000088300000, 0x0000000088400000|  0%| F|  |TAMS 0x0000000088300000| PB 0x0000000088300000| Untracked 
| 132|0x0000000088400000, 0x0000000088400000, 0x0000000088500000|  0%| F|  |TAMS 0x0000000088400000| PB 0x0000000088400000| Untracked 
| 133|0x0000000088500000, 0x0000000088500000, 0x0000000088600000|  0%| F|  |TAMS 0x0000000088500000| PB 0x0000000088500000| Untracked 
| 134|0x0000000088600000, 0x0000000088600000, 0x0000000088700000|  0%| F|  |TAMS 0x0000000088600000| PB 0x0000000088600000| Untracked 
| 135|0x0000000088700000, 0x0000000088780000, 0x0000000088800000| 50%| E|  |TAMS 0x0000000088700000| PB 0x0000000088700000| Complete 
| 136|0x0000000088800000, 0x0000000088900000, 0x0000000088900000|100%| E|CS|TAMS 0x0000000088800000| PB 0x0000000088800000| Complete 
| 137|0x0000000088900000, 0x0000000088a00000, 0x0000000088a00000|100%| E|CS|TAMS 0x0000000088900000| PB 0x0000000088900000| Complete 
| 138|0x0000000088a00000, 0x0000000088b00000, 0x0000000088b00000|100%| E|CS|TAMS 0x0000000088a00000| PB 0x0000000088a00000| Complete 
| 139|0x0000000088b00000, 0x0000000088c00000, 0x0000000088c00000|100%| E|CS|TAMS 0x0000000088b00000| PB 0x0000000088b00000| Complete 
| 140|0x0000000088c00000, 0x0000000088d00000, 0x0000000088d00000|100%| E|CS|TAMS 0x0000000088c00000| PB 0x0000000088c00000| Complete 
| 141|0x0000000088d00000, 0x0000000088e00000, 0x0000000088e00000|100%| E|CS|TAMS 0x0000000088d00000| PB 0x0000000088d00000| Complete 
| 142|0x0000000088e00000, 0x0000000088f00000, 0x0000000088f00000|100%| E|CS|TAMS 0x0000000088e00000| PB 0x0000000088e00000| Complete 
| 143|0x0000000088f00000, 0x0000000089000000, 0x0000000089000000|100%| E|CS|TAMS 0x0000000088f00000| PB 0x0000000088f00000| Complete 
| 144|0x0000000089000000, 0x0000000089100000, 0x0000000089100000|100%| E|CS|TAMS 0x0000000089000000| PB 0x0000000089000000| Complete 
| 145|0x0000000089100000, 0x0000000089200000, 0x0000000089200000|100%| E|CS|TAMS 0x0000000089100000| PB 0x0000000089100000| Complete 
| 146|0x0000000089200000, 0x0000000089300000, 0x0000000089300000|100%| E|CS|TAMS 0x0000000089200000| PB 0x0000000089200000| Complete 
| 147|0x0000000089300000, 0x0000000089400000, 0x0000000089400000|100%| E|CS|TAMS 0x0000000089300000| PB 0x0000000089300000| Complete 
| 148|0x0000000089400000, 0x000000008946da10, 0x0000000089500000| 42%| S|CS|TAMS 0x0000000089400000| PB 0x0000000089400000| Complete 
| 149|0x0000000089500000, 0x0000000089600000, 0x0000000089600000|100%| S|CS|TAMS 0x0000000089500000| PB 0x0000000089500000| Complete 
| 150|0x0000000089600000, 0x0000000089700000, 0x0000000089700000|100%| E|CS|TAMS 0x0000000089600000| PB 0x0000000089600000| Complete 
| 151|0x0000000089700000, 0x0000000089800000, 0x0000000089800000|100%| E|CS|TAMS 0x0000000089700000| PB 0x0000000089700000| Complete 
| 152|0x0000000089800000, 0x0000000089900000, 0x0000000089900000|100%| E|CS|TAMS 0x0000000089800000| PB 0x0000000089800000| Complete 
| 153|0x0000000089900000, 0x0000000089a00000, 0x0000000089a00000|100%| E|CS|TAMS 0x0000000089900000| PB 0x0000000089900000| Complete 
| 154|0x0000000089a00000, 0x0000000089b00000, 0x0000000089b00000|100%| E|CS|TAMS 0x0000000089a00000| PB 0x0000000089a00000| Complete 
| 155|0x0000000089b00000, 0x0000000089c00000, 0x0000000089c00000|100%| E|CS|TAMS 0x0000000089b00000| PB 0x0000000089b00000| Complete 
| 156|0x0000000089c00000, 0x0000000089d00000, 0x0000000089d00000|100%| E|CS|TAMS 0x0000000089c00000| PB 0x0000000089c00000| Complete 
| 221|0x000000008dd00000, 0x000000008de00000, 0x000000008de00000|100%| S|CS|TAMS 0x000000008dd00000| PB 0x000000008dd00000| Complete 
| 222|0x000000008de00000, 0x000000008df00000, 0x000000008df00000|100%| S|CS|TAMS 0x000000008de00000| PB 0x000000008de00000| Complete 
| 223|0x000000008df00000, 0x000000008e000000, 0x000000008e000000|100%| S|CS|TAMS 0x000000008df00000| PB 0x000000008df00000| Complete 
| 224|0x000000008e000000, 0x000000008e100000, 0x000000008e100000|100%| E|CS|TAMS 0x000000008e000000| PB 0x000000008e000000| Complete 
| 225|0x000000008e100000, 0x000000008e200000, 0x000000008e200000|100%| E|CS|TAMS 0x000000008e100000| PB 0x000000008e100000| Complete 
| 226|0x000000008e200000, 0x000000008e300000, 0x000000008e300000|100%| E|CS|TAMS 0x000000008e200000| PB 0x000000008e200000| Complete 
| 227|0x000000008e300000, 0x000000008e400000, 0x000000008e400000|100%| E|CS|TAMS 0x000000008e300000| PB 0x000000008e300000| Complete 
| 228|0x000000008e400000, 0x000000008e500000, 0x000000008e500000|100%| E|CS|TAMS 0x000000008e400000| PB 0x000000008e400000| Complete 
| 229|0x000000008e500000, 0x000000008e600000, 0x000000008e600000|100%| E|CS|TAMS 0x000000008e500000| PB 0x000000008e500000| Complete 
| 253|0x000000008fd00000, 0x000000008fe00000, 0x000000008fe00000|100%| E|CS|TAMS 0x000000008fd00000| PB 0x000000008fd00000| Complete 
|2035|0x00000000ff300000, 0x00000000ff400000, 0x00000000ff400000|100%| E|CS|TAMS 0x00000000ff300000| PB 0x00000000ff300000| Complete 
|2036|0x00000000ff400000, 0x00000000ff500000, 0x00000000ff500000|100%| E|CS|TAMS 0x00000000ff400000| PB 0x00000000ff400000| Complete 
|2037|0x00000000ff500000, 0x00000000ff600000, 0x00000000ff600000|100%| O|Cm|TAMS 0x00000000ff500000| PB 0x00000000ff500000| Complete 
|2038|0x00000000ff600000, 0x00000000ff700000, 0x00000000ff700000|100%| O|  |TAMS 0x00000000ff600000| PB 0x00000000ff600000| Untracked 
|2039|0x00000000ff700000, 0x00000000ff800000, 0x00000000ff800000|100%| O|  |TAMS 0x00000000ff700000| PB 0x00000000ff700000| Untracked 
|2040|0x00000000ff800000, 0x00000000ff900000, 0x00000000ff900000|100%| O|  |TAMS 0x00000000ff800000| PB 0x00000000ff800000| Untracked 
|2041|0x00000000ff900000, 0x00000000ffa00000, 0x00000000ffa00000|100%| O|  |TAMS 0x00000000ff900000| PB 0x00000000ff900000| Untracked 
|2042|0x00000000ffa00000, 0x00000000ffb00000, 0x00000000ffb00000|100%| O|  |TAMS 0x00000000ffa00000| PB 0x00000000ffa00000| Untracked 
|2043|0x00000000ffb00000, 0x00000000ffc00000, 0x00000000ffc00000|100%| O|  |TAMS 0x00000000ffb00000| PB 0x00000000ffb00000| Untracked 
|2044|0x00000000ffc00000, 0x00000000ffd00000, 0x00000000ffd00000|100%| O|  |TAMS 0x00000000ffc00000| PB 0x00000000ffc00000| Untracked 
|2045|0x00000000ffd00000, 0x00000000ffe00000, 0x00000000ffe00000|100%| E|CS|TAMS 0x00000000ffd00000| PB 0x00000000ffd00000| Complete 
|2046|0x00000000ffe00000, 0x00000000fff00000, 0x00000000fff00000|100%| O|  |TAMS 0x00000000ffe00000| PB 0x00000000ffe00000| Untracked 
|2047|0x00000000fff00000, 0x0000000100000000, 0x0000000100000000|100%| O|  |TAMS 0x00000000fff00000| PB 0x00000000fff00000| Untracked 

Card table byte_map: [0x000002777fa00000,0x000002777fe00000] _byte_map_base: 0x000002777f600000

Marking Bits: (CMBitMap*) 0x000002776b1841c0
 Bits: [0x0000027700000000, 0x0000027702000000)

Polling page: 0x000002776aeb0000

Metaspace:

Usage:
  Non-class:     84.43 MB used.
      Class:     12.96 MB used.
       Both:     97.39 MB used.

Virtual space:
  Non-class space:      128.00 MB reserved,      85.50 MB ( 67%) committed,  2 nodes.
      Class space:        1.00 GB reserved,      14.00 MB (  1%) committed,  1 nodes.
             Both:        1.12 GB reserved,      99.50 MB (  9%) committed. 

Chunk freelists:
   Non-Class:  10.05 MB
       Class:  1.86 MB
        Both:  11.91 MB

MaxMetaspaceSize: unlimited
CompressedClassSpaceSize: 1.00 GB
Initial GC threshold: 21.00 MB
Current GC threshold: 164.69 MB
CDS: off
 - commit_granule_bytes: 65536.
 - commit_granule_words: 8192.
 - virtual_space_node_default_size: 8388608.
 - enlarge_chunks_in_place: 1.
 - use_allocation_guard: 0.


Internal statistics:

num_allocs_failed_limit: 6.
num_arena_births: 3784.
num_arena_deaths: 0.
num_vsnodes_births: 3.
num_vsnodes_deaths: 0.
num_space_committed: 1590.
num_space_uncommitted: 0.
num_chunks_returned_to_freelist: 6.
num_chunks_taken_from_freelist: 7709.
num_chunk_merges: 6.
num_chunk_splits: 5307.
num_chunks_enlarged: 3606.
num_inconsistent_stats: 0.

CodeHeap 'non-profiled nmethods': size=120000Kb used=3677Kb max_used=3734Kb free=116322Kb
 bounds [0x0000027777450000, 0x0000027777800000, 0x000002777e980000]
CodeHeap 'profiled nmethods': size=120000Kb used=11855Kb max_used=12029Kb free=108144Kb
 bounds [0x000002776f980000, 0x0000027770540000, 0x0000027776eb0000]
CodeHeap 'non-nmethods': size=5760Kb used=2864Kb max_used=2913Kb free=2895Kb
 bounds [0x0000027776eb0000, 0x00000277771a0000, 0x0000027777450000]
 total_blobs=7315 nmethods=6334 adapters=885
 compilation: enabled
              stopped_count=0, restarted_count=0
 full_count=0

Compilation events (20 events):
Event: 5.903 Thread 0x0000027704cd06a0 nmethod 7524 0x000002777767fd10 code [0x000002777767fea0, 0x000002777767ff68]
Event: 5.903 Thread 0x0000027704cd06a0 7535       1       kotlin.collections.EmptyMap::get (2 bytes)
Event: 5.903 Thread 0x0000027704cd06a0 nmethod 7535 0x000002777767fa10 code [0x000002777767fba0, 0x000002777767fc70]
Event: 5.903 Thread 0x0000027704cd06a0 7536       2       org.jetbrains.kotlin.incremental.UtilsKt::recordPackageLookup (94 bytes)
Event: 5.904 Thread 0x0000027704cd06a0 nmethod 7536 0x000002776fbac790 code [0x000002776fbacbc0, 0x000002776fbadc38]
Event: 5.904 Thread 0x0000027704cd06a0 7537       2       org.jetbrains.kotlin.com.intellij.openapi.vfs.VirtualFile::findFileByRelativePath (145 bytes)
Event: 5.904 Thread 0x0000027704cd06a0 nmethod 7537 0x000002776fb06d90 code [0x000002776fb07000, 0x000002776fb07510]
Event: 5.904 Thread 0x0000027704cd06a0 7538       1       org.jetbrains.kotlin.types.SimpleTypeImpl::getConstructor (5 bytes)
Event: 5.904 Thread 0x0000027704cd06a0 nmethod 7538 0x000002777767f710 code [0x000002777767f8a0, 0x000002777767f968]
Event: 5.904 Thread 0x0000027704cd06a0 7532       1       org.jetbrains.kotlin.types.checker.NewKotlinTypeCheckerImpl::getKotlinTypeRefiner (5 bytes)
Event: 5.904 Thread 0x0000027704cd06a0 nmethod 7532 0x0000027777509b10 code [0x0000027777509ca0, 0x0000027777509d68]
Event: 5.904 Thread 0x0000027704cd06a0 7529       1       org.jetbrains.kotlin.serialization.deserialization.DeserializationComponents::getKotlinTypeChecker (5 bytes)
Event: 5.904 Thread 0x0000027704cd06a0 nmethod 7529 0x0000027777509810 code [0x00000277775099a0, 0x0000027777509a68]
Event: 5.907 Thread 0x0000027704cd06a0 7540       1       org.jetbrains.kotlin.load.java.lazy.JavaResolverComponents::getFinder (5 bytes)
Event: 5.907 Thread 0x0000027704cd06a0 nmethod 7540 0x000002777776e590 code [0x000002777776e720, 0x000002777776e7e8]
Event: 5.931 Thread 0x0000027704cd06a0 7541       2       kotlin.sequences.FilteringSequence$iterator$1::calcNext (68 bytes)
Event: 5.931 Thread 0x0000027704cd06a0 nmethod 7541 0x000002776ff54390 code [0x000002776ff54580, 0x000002776ff548a0]
Event: 5.931 Thread 0x0000027704cd06a0 7542       2       jdk.internal.jimage.ImageLocation::buildName (128 bytes)
Event: 6.199 Thread 0x0000027704cd06a0 nmethod 7542 0x000002776fd27490 code [0x000002776fd27720, 0x000002776fd27c20]
Event: 6.199 Thread 0x0000027704cd06a0 7546       2       org.jetbrains.kotlin.cli.jvm.modules.CoreJrtVirtualFile::<init> (57 bytes)

GC Heap History (20 events):
Event: 3.463 GC heap before
{Heap before GC invocations=16 (full 0):
 garbage-first heap   total 107520K, used 67631K [0x0000000080000000, 0x0000000100000000)
  region size 1024K, 6 young (6144K), 5 survivors (5120K)
 Metaspace       used 56700K, committed 58240K, reserved 1114112K
  class space    used 7712K, committed 8448K, reserved 1048576K
}
Event: 3.466 GC heap after
{Heap after GC invocations=17 (full 0):
 garbage-first heap   total 129024K, used 68079K [0x0000000080000000, 0x0000000100000000)
  region size 1024K, 1 young (1024K), 1 survivors (1024K)
 Metaspace       used 56700K, committed 58240K, reserved 1114112K
  class space    used 7712K, committed 8448K, reserved 1048576K
}
Event: 3.705 GC heap before
{Heap before GC invocations=18 (full 0):
 garbage-first heap   total 129024K, used 120303K [0x0000000080000000, 0x0000000100000000)
  region size 1024K, 44 young (45056K), 1 survivors (1024K)
 Metaspace       used 59854K, committed 61504K, reserved 1114112K
  class space    used 8018K, committed 8832K, reserved 1048576K
}
Event: 3.706 GC heap after
{Heap after GC invocations=19 (full 0):
 garbage-first heap   total 129024K, used 76698K [0x0000000080000000, 0x0000000100000000)
  region size 1024K, 2 young (2048K), 2 survivors (2048K)
 Metaspace       used 59854K, committed 61504K, reserved 1114112K
  class space    used 8018K, committed 8832K, reserved 1048576K
}
Event: 3.955 GC heap before
{Heap before GC invocations=19 (full 0):
 garbage-first heap   total 129024K, used 115610K [0x0000000080000000, 0x0000000100000000)
  region size 1024K, 40 young (40960K), 2 survivors (2048K)
 Metaspace       used 66406K, committed 68096K, reserved 1114112K
  class space    used 9298K, committed 10112K, reserved 1048576K
}
Event: 3.957 GC heap after
{Heap after GC invocations=20 (full 0):
 garbage-first heap   total 129024K, used 77296K [0x0000000080000000, 0x0000000100000000)
  region size 1024K, 3 young (3072K), 3 survivors (3072K)
 Metaspace       used 66406K, committed 68096K, reserved 1114112K
  class space    used 9298K, committed 10112K, reserved 1048576K
}
Event: 4.266 GC heap before
{Heap before GC invocations=20 (full 0):
 garbage-first heap   total 129024K, used 117232K [0x0000000080000000, 0x0000000100000000)
  region size 1024K, 42 young (43008K), 3 survivors (3072K)
 Metaspace       used 72668K, committed 74368K, reserved 1114112K
  class space    used 10069K, committed 10880K, reserved 1048576K
}
Event: 4.269 GC heap after
{Heap after GC invocations=21 (full 0):
 garbage-first heap   total 129024K, used 78401K [0x0000000080000000, 0x0000000100000000)
  region size 1024K, 5 young (5120K), 5 survivors (5120K)
 Metaspace       used 72668K, committed 74368K, reserved 1114112K
  class space    used 10069K, committed 10880K, reserved 1048576K
}
Event: 4.542 GC heap before
{Heap before GC invocations=22 (full 0):
 garbage-first heap   total 133120K, used 122433K [0x0000000080000000, 0x0000000100000000)
  region size 1024K, 41 young (41984K), 5 survivors (5120K)
 Metaspace       used 78262K, committed 79936K, reserved 1179648K
  class space    used 10788K, committed 11584K, reserved 1048576K
}
Event: 4.545 GC heap after
{Heap after GC invocations=23 (full 0):
 garbage-first heap   total 133120K, used 79364K [0x0000000080000000, 0x0000000100000000)
  region size 1024K, 3 young (3072K), 3 survivors (3072K)
 Metaspace       used 78262K, committed 79936K, reserved 1179648K
  class space    used 10788K, committed 11584K, reserved 1048576K
}
Event: 4.706 GC heap before
{Heap before GC invocations=23 (full 0):
 garbage-first heap   total 133120K, used 130564K [0x0000000080000000, 0x0000000100000000)
  region size 1024K, 45 young (46080K), 3 survivors (3072K)
 Metaspace       used 79138K, committed 80832K, reserved 1179648K
  class space    used 10865K, committed 11648K, reserved 1048576K
}
Event: 4.716 GC heap after
{Heap after GC invocations=24 (full 0):
 garbage-first heap   total 147456K, used 92071K [0x0000000080000000, 0x0000000100000000)
  region size 1024K, 6 young (6144K), 6 survivors (6144K)
 Metaspace       used 79138K, committed 80832K, reserved 1179648K
  class space    used 10865K, committed 11648K, reserved 1048576K
}
Event: 4.917 GC heap before
{Heap before GC invocations=24 (full 0):
 garbage-first heap   total 147456K, used 120743K [0x0000000080000000, 0x0000000100000000)
  region size 1024K, 35 young (35840K), 6 survivors (6144K)
 Metaspace       used 83192K, committed 84864K, reserved 1179648K
  class space    used 11336K, committed 12096K, reserved 1048576K
}
Event: 4.921 GC heap after
{Heap after GC invocations=25 (full 0):
 garbage-first heap   total 177152K, used 94780K [0x0000000080000000, 0x0000000100000000)
  region size 1024K, 2 young (2048K), 2 survivors (2048K)
 Metaspace       used 83192K, committed 84864K, reserved 1179648K
  class space    used 11336K, committed 12096K, reserved 1048576K
}
Event: 5.361 GC heap before
{Heap before GC invocations=26 (full 0):
 garbage-first heap   total 177152K, used 164412K [0x0000000080000000, 0x0000000100000000)
  region size 1024K, 64 young (65536K), 2 survivors (2048K)
 Metaspace       used 90459K, committed 92352K, reserved 1179648K
  class space    used 12074K, committed 12992K, reserved 1048576K
}
Event: 5.364 GC heap after
{Heap after GC invocations=27 (full 0):
 garbage-first heap   total 177152K, used 106061K [0x0000000080000000, 0x0000000100000000)
  region size 1024K, 7 young (7168K), 7 survivors (7168K)
 Metaspace       used 90459K, committed 92352K, reserved 1179648K
  class space    used 12074K, committed 12992K, reserved 1048576K
}
Event: 5.730 GC heap before
{Heap before GC invocations=27 (full 0):
 garbage-first heap   total 177152K, used 159309K [0x0000000080000000, 0x0000000100000000)
  region size 1024K, 59 young (60416K), 7 survivors (7168K)
 Metaspace       used 97768K, committed 99776K, reserved 1179648K
  class space    used 13034K, committed 14016K, reserved 1048576K
}
Event: 5.735 GC heap after
{Heap after GC invocations=28 (full 0):
 garbage-first heap   total 177152K, used 107574K [0x0000000080000000, 0x0000000100000000)
  region size 1024K, 4 young (4096K), 4 survivors (4096K)
 Metaspace       used 97768K, committed 99776K, reserved 1179648K
  class space    used 13034K, committed 14016K, reserved 1048576K
}
Event: 5.841 GC heap before
{Heap before GC invocations=28 (full 0):
 garbage-first heap   total 177152K, used 116790K [0x0000000080000000, 0x0000000100000000)
  region size 1024K, 14 young (14336K), 4 survivors (4096K)
 Metaspace       used 99048K, committed 101120K, reserved 1179648K
  class space    used 13179K, committed 14208K, reserved 1048576K
}
Event: 5.845 GC heap after
{Heap after GC invocations=29 (full 0):
 garbage-first heap   total 177152K, used 108300K [0x0000000080000000, 0x0000000100000000)
  region size 1024K, 5 young (5120K), 5 survivors (5120K)
 Metaspace       used 99048K, committed 101120K, reserved 1179648K
  class space    used 13179K, committed 14208K, reserved 1048576K
}

Dll operation events (3 events):
Event: 0.007 Loaded shared library C:\Program Files\Android\Android Studio\jbr\bin\java.dll
Event: 0.011 Loaded shared library C:\Program Files\Android\Android Studio\jbr\bin\zip.dll
Event: 0.283 Loaded shared library C:\Program Files\Android\Android Studio\jbr\bin\verify.dll

Deoptimization events (20 events):
Event: 5.721 Thread 0x000002770b4f71a0 Uncommon trap: trap_request=0xffffff45 fr.pc=0x00000277776bd1d0 relative=0x0000000000000890
Event: 5.721 Thread 0x000002770b4f71a0 Uncommon trap: reason=unstable_if action=reinterpret pc=0x00000277776bd1d0 method=java.util.regex.Pattern.escape(ZZZ)I @ 8 c2
Event: 5.721 Thread 0x000002770b4f71a0 DEOPT PACKING pc=0x00000277776bd1d0 sp=0x00000083be3f1730
Event: 5.721 Thread 0x000002770b4f71a0 DEOPT UNPACKING pc=0x0000027776f046a2 sp=0x00000083be3f16c8 mode 2
Event: 5.722 Thread 0x000002770b4f71a0 Uncommon trap: trap_request=0xffffff45 fr.pc=0x0000027777559fc4 relative=0x0000000000000544
Event: 5.722 Thread 0x000002770b4f71a0 Uncommon trap: reason=unstable_if action=reinterpret pc=0x0000027777559fc4 method=java.util.regex.Pattern.atom()Ljava/util/regex/Pattern$Node; @ 14 c2
Event: 5.722 Thread 0x000002770b4f71a0 DEOPT PACKING pc=0x0000027777559fc4 sp=0x00000083be3f15a0
Event: 5.722 Thread 0x000002770b4f71a0 DEOPT UNPACKING pc=0x0000027776f046a2 sp=0x00000083be3f1548 mode 2
Event: 5.722 Thread 0x000002770b4f71a0 Uncommon trap: trap_request=0xffffffbe fr.pc=0x00000277776b62b0 relative=0x00000000000002d0
Event: 5.722 Thread 0x000002770b4f71a0 Uncommon trap: reason=profile_predicate action=maybe_recompile pc=0x00000277776b62b0 method=java.util.regex.Pattern$BnM.optimize(Ljava/util/regex/Pattern$Node;)Ljava/util/regex/Pattern$Node; @ 67 c2
Event: 5.722 Thread 0x000002770b4f71a0 DEOPT PACKING pc=0x00000277776b62b0 sp=0x00000083be3f16b0
Event: 5.722 Thread 0x000002770b4f71a0 DEOPT UNPACKING pc=0x0000027776f046a2 sp=0x00000083be3f1658 mode 2
Event: 5.728 Thread 0x000002770b4f71a0 Uncommon trap: trap_request=0xffffffcc fr.pc=0x00000277777d18fc relative=0x000000000000245c
Event: 5.728 Thread 0x000002770b4f71a0 Uncommon trap: reason=intrinsic_or_type_checked_inlining action=make_not_entrant pc=0x00000277777d18fc method=java.util.ArrayList$SubList.toArray([Ljava/lang/Object;)[Ljava/lang/Object; @ 58 c2
Event: 5.728 Thread 0x000002770b4f71a0 DEOPT PACKING pc=0x00000277777d18fc sp=0x00000083be3f12f0
Event: 5.728 Thread 0x000002770b4f71a0 DEOPT UNPACKING pc=0x0000027776f046a2 sp=0x00000083be3f1280 mode 2
Event: 5.771 Thread 0x000002770b4f71a0 Uncommon trap: trap_request=0xffffff45 fr.pc=0x00000277777bb54c relative=0x000000000000010c
Event: 5.771 Thread 0x000002770b4f71a0 Uncommon trap: reason=unstable_if action=reinterpret pc=0x00000277777bb54c method=java.text.StringCharacterIterator.current()C @ 19 c2
Event: 5.771 Thread 0x000002770b4f71a0 DEOPT PACKING pc=0x00000277777bb54c sp=0x00000083be3f1b10
Event: 5.771 Thread 0x000002770b4f71a0 DEOPT UNPACKING pc=0x0000027776f046a2 sp=0x00000083be3f1aa8 mode 2

Classes loaded (20 events):
Event: 5.535 Loading class java/text/CharacterIterator done
Event: 5.535 Loading class java/text/StringCharacterIterator done
Event: 5.561 Loading class java/io/NotSerializableException
Event: 5.561 Loading class java/io/NotSerializableException done
Event: 5.578 Loading class java/util/AbstractList$ListItr
Event: 5.578 Loading class java/util/AbstractList$ListItr done
Event: 5.685 Loading class java/util/function/IntUnaryOperator
Event: 5.685 Loading class java/util/function/IntUnaryOperator done
Event: 5.711 Loading class java/util/AbstractList$SubList
Event: 5.711 Loading class java/util/AbstractList$SubList done
Event: 5.711 Loading class java/util/AbstractList$SubList$1
Event: 5.711 Loading class java/util/AbstractList$SubList$1 done
Event: 5.787 Loading class java/util/EnumMap$EntrySet
Event: 5.788 Loading class java/util/EnumMap$EntrySet done
Event: 5.788 Loading class java/util/EnumMap$EntryIterator
Event: 5.788 Loading class java/util/EnumMap$EnumMapIterator
Event: 5.788 Loading class java/util/EnumMap$EnumMapIterator done
Event: 5.788 Loading class java/util/EnumMap$EntryIterator done
Event: 5.788 Loading class java/util/EnumMap$EntryIterator$Entry
Event: 5.788 Loading class java/util/EnumMap$EntryIterator$Entry done

Classes unloaded (0 events):
No events

Classes redefined (0 events):
No events

Internal exceptions (20 events):
Event: 4.542 Thread 0x000002770b4f71a0 Exception <a 'java/lang/NoSuchMethodError'{0x0000000085bfd1c8}: 'java.lang.Object java.lang.invoke.DelegatingMethodHandle$Holder.reinvoke_L(java.lang.Object, int, long, java.lang.Object, java.lang.Object, int, java.lang.Object)'> (0x0000000085bfd1c8) 
thrown [s\src\hotspot\share\interpreter\linkResolver.cpp, line 784]
Event: 4.561 Thread 0x000002770b4f71a0 Implicit null exception at 0x0000027777674beb to 0x0000027777675754
Event: 4.656 Thread 0x000002770b4f71a0 Implicit null exception at 0x000002777775f5df to 0x000002777776177c
Event: 4.656 Thread 0x000002770b4f71a0 Implicit null exception at 0x0000027777756b48 to 0x0000027777757264
Event: 5.315 Thread 0x000002770b4f71a0 Exception <a 'java/lang/NoSuchMethodError'{0x0000000086cd1a50}: 'java.lang.Object java.lang.invoke.DirectMethodHandle$Holder.newInvokeSpecial(java.lang.Object, java.lang.Object, java.lang.Object, java.lang.Object, java.lang.Object, java.lang.Object, java.lang.Object, java.lang.Object, java.lang.Object, java.lang.Object, java.lang.Object, java.lang.Object, java.lang.Object, java.lang.Object)'> (0x0000000086cd1a50) 
thrown [s\src\hotspot\share\interpreter\linkResolver.cpp, line 784]
Event: 5.320 Thread 0x000002770b4f71a0 Exception <a 'java/lang/NoSuchMethodError'{0x0000000086bfc828}: 'java.lang.Object java.lang.invoke.DirectMethodHandle$Holder.newInvokeSpecial(java.lang.Object, java.lang.Object, java.lang.Object, java.lang.Object, java.lang.Object, java.lang.Object, java.lang.Object, java.lang.Object, java.lang.Object, java.lang.Object, java.lang.Object, java.lang.Object, java.lang.Object, java.lang.Object, java.lang.Object, java.lang.Object, java.lang.Object, java.lang.Object, java.lang.Object, java.lang.Object, java.lang
Event: 5.325 Thread 0x000002770b4f71a0 Exception <a 'java/lang/NoSuchMethodError'{0x00000000869e8fe0}: 'java.lang.Object java.lang.invoke.DirectMethodHandle$Holder.newInvokeSpecial(java.lang.Object, java.lang.Object, java.lang.Object, java.lang.Object, java.lang.Object, java.lang.Object, java.lang.Object, java.lang.Object, java.lang.Object, java.lang.Object, java.lang.Object, java.lang.Object, java.lang.Object, java.lang.Object, java.lang.Object, java.lang.Object, java.lang.Object, java.lang.Object, java.lang.Object, java.lang.Object)'> (0x0000
Event: 5.326 Thread 0x000002770b4f71a0 Exception <a 'java/lang/NoSuchMethodError'{0x00000000869f09a0}: 'java.lang.Object java.lang.invoke.DirectMethodHandle$Holder.invokeSpecial(java.lang.Object, java.lang.Object, java.lang.Object, java.lang.Object, java.lang.Object, java.lang.Object, java.lang.Object, java.lang.Object, java.lang.Object, java.lang.Object, java.lang.Object, java.lang.Object, java.lang.Object, java.lang.Object, java.lang.Object, java.lang.Object, java.lang.Object, java.lang.Object, java.lang.Object, java.lang.Object, java.lang.Ob
Event: 5.326 Thread 0x000002770b4f71a0 Exception <a 'java/lang/NoSuchMethodError'{0x00000000869f7160}: 'java.lang.Object java.lang.invoke.DelegatingMethodHandle$Holder.reinvoke_L(java.lang.Object, java.lang.Object, java.lang.Object, java.lang.Object, java.lang.Object, java.lang.Object, java.lang.Object, java.lang.Object, java.lang.Object, java.lang.Object, java.lang.Object, java.lang.Object, java.lang.Object, java.lang.Object, java.lang.Object, java.lang.Object, java.lang.Object, java.lang.Object, java.lang.Object, java.lang.Object)'> (0x000000
Event: 5.375 Thread 0x000002770b4f71a0 Exception <a 'java/lang/NoSuchMethodError'{0x000000008fda8248}: 'java.lang.Object java.lang.invoke.DirectMethodHandle$Holder.newInvokeSpecial(java.lang.Object, java.lang.Object, java.lang.Object, java.lang.Object, java.lang.Object, java.lang.Object, java.lang.Object, java.lang.Object, java.lang.Object, java.lang.Object, java.lang.Object, java.lang.Object, java.lang.Object, java.lang.Object, java.lang.Object, java.lang.Object)'> (0x000000008fda8248) 
thrown [s\src\hotspot\share\interpreter\linkResolver.cpp,
Event: 5.375 Thread 0x000002770b4f71a0 Exception <a 'java/lang/NoSuchMethodError'{0x000000008fdaf2a8}: 'java.lang.Object java.lang.invoke.DirectMethodHandle$Holder.invokeSpecial(java.lang.Object, java.lang.Object, java.lang.Object, java.lang.Object, java.lang.Object, java.lang.Object, java.lang.Object, java.lang.Object, java.lang.Object, java.lang.Object, java.lang.Object, java.lang.Object, java.lang.Object, java.lang.Object, java.lang.Object, java.lang.Object, java.lang.Object)'> (0x000000008fdaf2a8) 
thrown [s\src\hotspot\share\interpreter\li
Event: 5.375 Thread 0x000002770b4f71a0 Exception <a 'java/lang/NoSuchMethodError'{0x000000008fdb5138}: 'java.lang.Object java.lang.invoke.DelegatingMethodHandle$Holder.reinvoke_L(java.lang.Object, java.lang.Object, java.lang.Object, java.lang.Object, java.lang.Object, java.lang.Object, java.lang.Object, java.lang.Object, java.lang.Object, java.lang.Object, java.lang.Object, java.lang.Object, java.lang.Object, java.lang.Object, java.lang.Object, java.lang.Object)'> (0x000000008fdb5138) 
thrown [s\src\hotspot\share\interpreter\linkResolver.cpp, l
Event: 5.379 Thread 0x000002770b4f71a0 Exception <a 'java/lang/NoSuchMethodError'{0x000000008e569e88}: 'java.lang.Object java.lang.invoke.DirectMethodHandle$Holder.newInvokeSpecial(java.lang.Object, java.lang.Object, java.lang.Object, java.lang.Object, java.lang.Object, java.lang.Object, java.lang.Object, java.lang.Object, java.lang.Object, java.lang.Object, java.lang.Object, java.lang.Object, java.lang.Object, java.lang.Object, java.lang.Object, java.lang.Object, java.lang.Object, java.lang.Object)'> (0x000000008e569e88) 
thrown [s\src\hotspot
Event: 5.379 Thread 0x000002770b4f71a0 Exception <a 'java/lang/NoSuchMethodError'{0x000000008e5711a0}: 'java.lang.Object java.lang.invoke.DirectMethodHandle$Holder.invokeSpecial(java.lang.Object, java.lang.Object, java.lang.Object, java.lang.Object, java.lang.Object, java.lang.Object, java.lang.Object, java.lang.Object, java.lang.Object, java.lang.Object, java.lang.Object, java.lang.Object, java.lang.Object, java.lang.Object, java.lang.Object, java.lang.Object, java.lang.Object, java.lang.Object, java.lang.Object)'> (0x000000008e5711a0) 
thrown
Event: 5.379 Thread 0x000002770b4f71a0 Exception <a 'java/lang/NoSuchMethodError'{0x000000008e577318}: 'java.lang.Object java.lang.invoke.DelegatingMethodHandle$Holder.reinvoke_L(java.lang.Object, java.lang.Object, java.lang.Object, java.lang.Object, java.lang.Object, java.lang.Object, java.lang.Object, java.lang.Object, java.lang.Object, java.lang.Object, java.lang.Object, java.lang.Object, java.lang.Object, java.lang.Object, java.lang.Object, java.lang.Object, java.lang.Object, java.lang.Object)'> (0x000000008e577318) 
thrown [s\src\hotspot\s
Event: 5.381 Thread 0x000002770b4f71a0 Exception <a 'java/lang/NoSuchMethodError'{0x000000008e411098}: 'java.lang.Object java.lang.invoke.DirectMethodHandle$Holder.newInvokeSpecial(java.lang.Object, java.lang.Object, java.lang.Object, java.lang.Object, java.lang.Object, java.lang.Object, java.lang.Object, java.lang.Object, java.lang.Object, java.lang.Object, java.lang.Object, java.lang.Object, java.lang.Object, java.lang.Object, java.lang.Object, java.lang.Object, java.lang.Object, java.lang.Object, java.lang.Object, java.lang.Object, java.lang
Event: 5.823 Thread 0x000002770b4f71a0 Exception <a 'java/lang/NoSuchMethodError'{0x000000008e2a8370}: 'java.lang.Object java.lang.invoke.DirectMethodHandle$Holder.invokeStatic(java.lang.Object, java.lang.Object, java.lang.Object, java.lang.Object, java.lang.Object, int, java.lang.Object)'> (0x000000008e2a8370) 
thrown [s\src\hotspot\share\interpreter\linkResolver.cpp, line 784]
Event: 5.824 Thread 0x000002770b4f71a0 Exception <a 'java/lang/NoSuchMethodError'{0x000000008e2b2760}: 'java.lang.Object java.lang.invoke.DirectMethodHandle$Holder.newInvokeSpecial(java.lang.Object, java.lang.Object, java.lang.Object, java.lang.Object, java.lang.Object, int, java.lang.Object)'> (0x000000008e2b2760) 
thrown [s\src\hotspot\share\interpreter\linkResolver.cpp, line 784]
Event: 5.824 Thread 0x000002770b4f71a0 Exception <a 'java/lang/NoSuchMethodError'{0x000000008e2bbcb0}: 'java.lang.Object java.lang.invoke.Invokers$Holder.linkToTargetMethod(java.lang.Object, java.lang.Object, java.lang.Object, java.lang.Object, int, java.lang.Object, java.lang.Object)'> (0x000000008e2bbcb0) 
thrown [s\src\hotspot\share\interpreter\linkResolver.cpp, line 784]
Event: 5.905 Thread 0x000002770b4f71a0 Exception <a 'java/lang/NoSuchMethodError'{0x0000000088e12288}: 'java.lang.Object java.lang.invoke.DirectMethodHandle$Holder.invokeStatic(java.lang.Object, java.lang.Object, java.lang.Object, java.lang.Object, int, java.lang.Object, java.lang.Object)'> (0x0000000088e12288) 
thrown [s\src\hotspot\share\interpreter\linkResolver.cpp, line 784]

ZGC Phase Switch (0 events):
No events

VM Operations (20 events):
Event: 5.470 Executing VM operation: HandshakeAllThreads (Deoptimize)
Event: 5.470 Executing VM operation: HandshakeAllThreads (Deoptimize) done
Event: 5.510 Executing VM operation: HandshakeAllThreads (Deoptimize)
Event: 5.510 Executing VM operation: HandshakeAllThreads (Deoptimize) done
Event: 5.579 Executing VM operation: HandshakeAllThreads (Deoptimize)
Event: 5.579 Executing VM operation: HandshakeAllThreads (Deoptimize) done
Event: 5.693 Executing VM operation: HandshakeAllThreads (Deoptimize)
Event: 5.693 Executing VM operation: HandshakeAllThreads (Deoptimize) done
Event: 5.701 Executing VM operation: HandshakeAllThreads (Deoptimize)
Event: 5.701 Executing VM operation: HandshakeAllThreads (Deoptimize) done
Event: 5.730 Executing VM operation: G1CollectForAllocation (G1 Evacuation Pause)
Event: 5.735 Executing VM operation: G1CollectForAllocation (G1 Evacuation Pause) done
Event: 5.762 Executing VM operation: HandshakeAllThreads (Deoptimize)
Event: 5.762 Executing VM operation: HandshakeAllThreads (Deoptimize) done
Event: 5.841 Executing VM operation: G1TryInitiateConcMark (G1 Humongous Allocation)
Event: 5.845 Executing VM operation: G1TryInitiateConcMark (G1 Humongous Allocation) done
Event: 5.873 Executing VM operation: G1PauseRemark
Event: 5.875 Executing VM operation: G1PauseRemark done
Event: 5.891 Executing VM operation: G1PauseCleanup
Event: 5.891 Executing VM operation: G1PauseCleanup done

Memory protections (0 events):
No events

Nmethod flushes (20 events):
Event: 5.874 Thread 0x0000027704b8e930 flushing  nmethod 0x000002777005f210
Event: 5.874 Thread 0x0000027704b8e930 flushing  nmethod 0x0000027770060a90
Event: 5.874 Thread 0x0000027704b8e930 flushing  nmethod 0x00000277701e7c90
Event: 5.874 Thread 0x0000027704b8e930 flushing  nmethod 0x00000277702e3310
Event: 5.874 Thread 0x0000027704b8e930 flushing  nmethod 0x000002777767f710
Event: 5.874 Thread 0x0000027704b8e930 flushing  nmethod 0x0000027777680a90
Event: 5.874 Thread 0x0000027704b8e930 flushing  nmethod 0x000002777775f190
Event: 5.874 Thread 0x0000027704b8e930 flushing  nmethod 0x0000027777762910
Event: 5.874 Thread 0x0000027704b8e930 flushing  nmethod 0x0000027777765d10
Event: 5.874 Thread 0x0000027704b8e930 flushing  nmethod 0x000002776f9abd10
Event: 5.874 Thread 0x0000027704b8e930 flushing  nmethod 0x000002776fa7a110
Event: 5.874 Thread 0x0000027704b8e930 flushing  nmethod 0x000002776fb14d90
Event: 5.874 Thread 0x0000027704b8e930 flushing  nmethod 0x000002776fb61b10
Event: 5.874 Thread 0x0000027704b8e930 flushing  nmethod 0x000002776fc5c790
Event: 5.874 Thread 0x0000027704b8e930 flushing  nmethod 0x000002776fc5ce90
Event: 5.874 Thread 0x0000027704b8e930 flushing  nmethod 0x000002776fc90c90
Event: 5.874 Thread 0x0000027704b8e930 flushing  nmethod 0x000002776fcf8b90
Event: 5.874 Thread 0x0000027704b8e930 flushing  nmethod 0x000002776ff1b510
Event: 5.874 Thread 0x0000027704b8e930 flushing  nmethod 0x0000027770055a10
Event: 5.874 Thread 0x0000027704b8e930 flushing  nmethod 0x0000027770056f10

Events (20 events):
Event: 3.343 Thread 0x000002770b4f71a0 Thread added: 0x00000277100d8a50
Event: 3.343 Thread 0x000002770b4f71a0 Thread added: 0x00000277100dc560
Event: 3.344 Thread 0x000002770b4f71a0 Thread added: 0x00000277100dcbf0
Event: 3.356 Thread 0x000002770b4f71a0 Thread added: 0x00000277100ddfa0
Event: 3.356 Thread 0x000002770b4f71a0 Thread added: 0x00000277100decc0
Event: 3.357 Thread 0x000002770b4f71a0 Thread added: 0x00000277100dd910
Event: 3.357 Thread 0x000002770b4f71a0 Thread added: 0x00000277100de630
Event: 3.357 Thread 0x000002770b4f71a0 Thread added: 0x00000277100df350
Event: 3.358 Thread 0x000002770b4f71a0 Thread added: 0x00000277100df9e0
Event: 3.358 Thread 0x000002770b4f71a0 Thread added: 0x00000277100dd280
Event: 3.358 Thread 0x000002770b4f71a0 Thread added: 0x000002770ce40c10
Event: 3.358 Thread 0x000002770b4f71a0 Thread added: 0x000002770ce3fef0
Event: 3.800 Thread 0x0000027705269390 Thread exited: 0x0000027705269390
Event: 3.985 Thread 0x0000027705268cc0 Thread exited: 0x0000027705268cc0
Event: 4.436 Thread 0x0000027704cd06a0 Thread added: 0x000002770ff70430
Event: 4.576 Thread 0x0000027704c9bc60 Thread added: 0x000002770ff6db50
Event: 4.822 Thread 0x000002770ff6db50 Thread exited: 0x000002770ff6db50
Event: 4.822 Thread 0x000002770ff70430 Thread exited: 0x000002770ff70430
Event: 5.332 Thread 0x0000027704cd06a0 Thread added: 0x000002770ff6fd60
Event: 5.867 Thread 0x0000027704cd06a0 Thread added: 0x000002770ff6f690


Dynamic libraries:
0x00007ff60fc90000 - 0x00007ff60fc9a000 	C:\Program Files\Android\Android Studio\jbr\bin\java.exe
0x00007ffdea000000 - 0x00007ffdea268000 	C:\WINDOWS\SYSTEM32\ntdll.dll
0x00007ffde8510000 - 0x00007ffde85d9000 	C:\WINDOWS\System32\KERNEL32.DLL
0x00007ffde7430000 - 0x00007ffde7828000 	C:\WINDOWS\System32\KERNELBASE.dll
0x00007ffde7830000 - 0x00007ffde797b000 	C:\WINDOWS\System32\ucrtbase.dll
0x00007ffdcdba0000 - 0x00007ffdcdbbb000 	C:\Program Files\Android\Android Studio\jbr\bin\VCRUNTIME140.dll
0x00007ffdcd310000 - 0x00007ffdcd328000 	C:\Program Files\Android\Android Studio\jbr\bin\jli.dll
0x00007ffde8cf0000 - 0x00007ffde8eb7000 	C:\WINDOWS\System32\USER32.dll
0x00007ffdbe220000 - 0x00007ffdbe4b4000 	C:\WINDOWS\WinSxS\amd64_microsoft.windows.common-controls_6595b64144ccf1df_6.0.26100.7019_none_3e06ffa0e335b8a8\COMCTL32.dll
0x00007ffde7150000 - 0x00007ffde7177000 	C:\WINDOWS\System32\win32u.dll
0x00007ffde82c0000 - 0x00007ffde8369000 	C:\WINDOWS\System32\msvcrt.dll
0x00007ffde7f30000 - 0x00007ffde7f5b000 	C:\WINDOWS\System32\GDI32.dll
0x00007ffde7a40000 - 0x00007ffde7b6c000 	C:\WINDOWS\System32\gdi32full.dll
0x00007ffde7380000 - 0x00007ffde7423000 	C:\WINDOWS\System32\msvcp_win.dll
0x00007ffde9f80000 - 0x00007ffde9fb1000 	C:\WINDOWS\System32\IMM32.DLL
0x00007ffde25d0000 - 0x00007ffde25dc000 	C:\Program Files\Android\Android Studio\jbr\bin\vcruntime140_1.dll
0x00007ffdcc4d0000 - 0x00007ffdcc55d000 	C:\Program Files\Android\Android Studio\jbr\bin\msvcp140.dll
0x00007ffd8c570000 - 0x00007ffd8d1fb000 	C:\Program Files\Android\Android Studio\jbr\bin\server\jvm.dll
0x00007ffde8ab0000 - 0x00007ffde8b64000 	C:\WINDOWS\System32\ADVAPI32.dll
0x00007ffde85e0000 - 0x00007ffde8686000 	C:\WINDOWS\System32\sechost.dll
0x00007ffde9ab0000 - 0x00007ffde9bc8000 	C:\WINDOWS\System32\RPCRT4.dll
0x00007ffde8b70000 - 0x00007ffde8be4000 	C:\WINDOWS\System32\WS2_32.dll
0x00007ffde6fb0000 - 0x00007ffde700e000 	C:\WINDOWS\SYSTEM32\POWRPROF.dll
0x00007ffddf040000 - 0x00007ffddf075000 	C:\WINDOWS\SYSTEM32\WINMM.dll
0x00007ffdde760000 - 0x00007ffdde76b000 	C:\WINDOWS\SYSTEM32\VERSION.dll
0x00007ffde6f90000 - 0x00007ffde6fa4000 	C:\WINDOWS\SYSTEM32\UMPDC.dll
0x00007ffde5ed0000 - 0x00007ffde5eeb000 	C:\WINDOWS\SYSTEM32\kernel.appcore.dll
0x00007ffde25c0000 - 0x00007ffde25ca000 	C:\Program Files\Android\Android Studio\jbr\bin\jimage.dll
0x00007ffdcfe10000 - 0x00007ffdd0052000 	C:\WINDOWS\SYSTEM32\DBGHELP.DLL
0x00007ffde9bd0000 - 0x00007ffde9f5b000 	C:\WINDOWS\System32\combase.dll
0x00007ffde81b0000 - 0x00007ffde8287000 	C:\WINDOWS\System32\OLEAUT32.dll
0x00007ffdce5c0000 - 0x00007ffdce5fc000 	C:\WINDOWS\SYSTEM32\dbgcore.DLL
0x00007ffde7b70000 - 0x00007ffde7c15000 	C:\WINDOWS\System32\bcryptPrimitives.dll
0x00007ffde1b40000 - 0x00007ffde1b4e000 	C:\Program Files\Android\Android Studio\jbr\bin\instrument.dll
0x00007ffdcdb80000 - 0x00007ffdcdba0000 	C:\Program Files\Android\Android Studio\jbr\bin\java.dll
0x00007ffdcd370000 - 0x00007ffdcd388000 	C:\Program Files\Android\Android Studio\jbr\bin\zip.dll
0x00007ffde8ec0000 - 0x00007ffde960f000 	C:\WINDOWS\System32\SHELL32.dll
0x00007ffde7180000 - 0x00007ffde72eb000 	C:\WINDOWS\System32\wintypes.dll
0x00007ffde4d50000 - 0x00007ffde55ad000 	C:\WINDOWS\SYSTEM32\windows.storage.dll
0x00007ffde8bf0000 - 0x00007ffde8ce2000 	C:\WINDOWS\System32\SHCORE.dll
0x00007ffde7fc0000 - 0x00007ffde8027000 	C:\WINDOWS\System32\shlwapi.dll
0x00007ffde7070000 - 0x00007ffde7099000 	C:\WINDOWS\SYSTEM32\profapi.dll
0x00007ffde1f90000 - 0x00007ffde1fa0000 	C:\Program Files\Android\Android Studio\jbr\bin\net.dll
0x00007ffde0f20000 - 0x00007ffde1048000 	C:\WINDOWS\SYSTEM32\WINHTTP.dll
0x00007ffde6420000 - 0x00007ffde648b000 	C:\WINDOWS\system32\mswsock.dll
0x00007ffdcd350000 - 0x00007ffdcd366000 	C:\Program Files\Android\Android Studio\jbr\bin\nio.dll
0x00007ffdcd330000 - 0x00007ffdcd340000 	C:\Program Files\Android\Android Studio\jbr\bin\verify.dll
0x00007ffdd03f0000 - 0x00007ffdd0417000 	C:\Users\DAM2\.gradle\native\c067742578af261105cb4f569cf0c3c89f3d7b1fecec35dd04571415982c5e48\windows-amd64\native-platform.dll
0x00007ffdae910000 - 0x00007ffdaea54000 	C:\Users\DAM2\.gradle\native\100fb08df4bc3b14c8652ba06237920a3bd2aa13389f12d3474272988ae205f9\windows-amd64\native-platform-file-events.dll
0x00007ffdd5c50000 - 0x00007ffdd5c59000 	C:\Program Files\Android\Android Studio\jbr\bin\management.dll
0x00007ffdcdc50000 - 0x00007ffdcdc5b000 	C:\Program Files\Android\Android Studio\jbr\bin\management_ext.dll
0x00007ffde7f20000 - 0x00007ffde7f28000 	C:\WINDOWS\System32\PSAPI.DLL
0x00007ffde6810000 - 0x00007ffde682b000 	C:\WINDOWS\SYSTEM32\CRYPTSP.dll
0x00007ffde5e30000 - 0x00007ffde5e6a000 	C:\WINDOWS\system32\rsaenh.dll
0x00007ffde64d0000 - 0x00007ffde64fb000 	C:\WINDOWS\SYSTEM32\USERENV.dll
0x00007ffde7040000 - 0x00007ffde706a000 	C:\WINDOWS\SYSTEM32\bcrypt.dll
0x00007ffde6670000 - 0x00007ffde667c000 	C:\WINDOWS\SYSTEM32\CRYPTBASE.dll
0x00007ffde58c0000 - 0x00007ffde58f4000 	C:\WINDOWS\SYSTEM32\IPHLPAPI.DLL
0x00007ffde9f70000 - 0x00007ffde9f7a000 	C:\WINDOWS\System32\NSI.dll
0x00007ffde1b50000 - 0x00007ffde1b59000 	C:\Program Files\Android\Android Studio\jbr\bin\extnet.dll
0x00007ffd86400000 - 0x00007ffd86408000 	C:\WINDOWS\system32\wshunix.dll

dbghelp: loaded successfully - version: 4.0.5 - missing functions: none
symbol engine: initialized successfully - sym options: 0x614 - pdb path: .;C:\Program Files\Android\Android Studio\jbr\bin;C:\WINDOWS\SYSTEM32;C:\WINDOWS\WinSxS\amd64_microsoft.windows.common-controls_6595b64144ccf1df_6.0.26100.7019_none_3e06ffa0e335b8a8;C:\Program Files\Android\Android Studio\jbr\bin\server;C:\Users\DAM2\.gradle\native\c067742578af261105cb4f569cf0c3c89f3d7b1fecec35dd04571415982c5e48\windows-amd64;C:\Users\DAM2\.gradle\native\100fb08df4bc3b14c8652ba06237920a3bd2aa13389f12d3474272988ae205f9\windows-amd64

VM Arguments:
jvm_args: --add-opens=java.base/java.lang=ALL-UNNAMED --add-opens=java.base/java.lang.invoke=ALL-UNNAMED --add-opens=java.base/java.util=ALL-UNNAMED --add-opens=java.prefs/java.util.prefs=ALL-UNNAMED --add-exports=jdk.compiler/com.sun.tools.javac.api=ALL-UNNAMED --add-exports=jdk.compiler/com.sun.tools.javac.util=ALL-UNNAMED --add-opens=java.base/java.util=ALL-UNNAMED --add-opens=java.prefs/java.util.prefs=ALL-UNNAMED --add-opens=java.base/java.nio.charset=ALL-UNNAMED --add-opens=java.base/java.net=ALL-UNNAMED --add-opens=java.base/java.util.concurrent.atomic=ALL-UNNAMED --add-opens=java.xml/javax.xml.namespace=ALL-UNNAMED -Xmx2048m -Dfile.encoding=UTF-8 -Duser.country=ES -Duser.language=es -Duser.variant -javaagent:C:\Users\DAM2\.gradle\wrapper\dists\gradle-8.11.1-bin\bpt9gzteqjrbo1mjrsomdt32c\gradle-8.11.1\lib\agents\gradle-instrumentation-agent-8.11.1.jar 
java_command: org.gradle.launcher.daemon.bootstrap.GradleDaemon 8.11.1
java_class_path (initial): C:\Users\DAM2\.gradle\wrapper\dists\gradle-8.11.1-bin\bpt9gzteqjrbo1mjrsomdt32c\gradle-8.11.1\lib\gradle-daemon-main-8.11.1.jar
Launcher Type: SUN_STANDARD

[Global flags]
     intx CICompilerCount                          = 4                                         {product} {ergonomic}
     uint ConcGCThreads                            = 3                                         {product} {ergonomic}
     uint G1ConcRefinementThreads                  = 10                                        {product} {ergonomic}
   size_t G1HeapRegionSize                         = 1048576                                   {product} {ergonomic}
    uintx GCDrainStackTargetSize                   = 64                                        {product} {ergonomic}
   size_t InitialHeapSize                          = 266338304                                 {product} {ergonomic}
   size_t MarkStackSize                            = 4194304                                   {product} {ergonomic}
   size_t MaxHeapSize                              = 2147483648                                {product} {command line}
   size_t MaxNewSize                               = 1287651328                                {product} {ergonomic}
   size_t MinHeapDeltaBytes                        = 1048576                                   {product} {ergonomic}
   size_t MinHeapSize                              = 8388608                                   {product} {ergonomic}
    uintx NonNMethodCodeHeapSize                   = 5839372                                {pd product} {ergonomic}
    uintx NonProfiledCodeHeapSize                  = 122909434                              {pd product} {ergonomic}
    uintx ProfiledCodeHeapSize                     = 122909434                              {pd product} {ergonomic}
    uintx ReservedCodeCacheSize                    = 251658240                              {pd product} {ergonomic}
     bool SegmentedCodeCache                       = true                                      {product} {ergonomic}
   size_t SoftMaxHeapSize                          = 2147483648                             {manageable} {ergonomic}
     bool UseCompressedOops                        = true                           {product lp64_product} {ergonomic}
     bool UseG1GC                                  = true                                      {product} {ergonomic}
     bool UseLargePagesIndividualAllocation        = false                                  {pd product} {ergonomic}

Logging:
Log output configuration:
 #0: stdout all=warning uptime,level,tags foldmultilines=false
 #1: stderr all=off uptime,level,tags foldmultilines=false

Environment Variables:
PATH=C:\Program Files\Common Files\Oracle\Java\javapath;C:\WINDOWS\system32;C:\WINDOWS;C:\WINDOWS\System32\Wbem;C:\WINDOWS\System32\WindowsPowerShell\v1.0\;C:\WINDOWS\System32\OpenSSH\;C:\Program Files\dotnet\;C:\Program Files\Docker\Docker\resources\bin;C:\Users\DAM2\AppData\Local\Programs\Python\Launcher\;C:\Users\DAM2\AppData\Local\Microsoft\WindowsApps;C:\Users\DAM2\AppData\Local\Programs\Microsoft VS Code\bin;C:\Users\DAM2\AppData\Local\Programs\Git\cmd
USERNAME=DAM2
OS=Windows_NT
PROCESSOR_IDENTIFIER=Intel64 Family 6 Model 151 Stepping 5, GenuineIntel
TMP=C:\Users\DAM2\AppData\Local\Temp
TEMP=C:\Users\DAM2\AppData\Local\Temp




Periodic native trim disabled

JNI global refs:
JNI global refs: 27, weak refs: 0

JNI global refs memory usage: 835, weak refs: 833

Process memory usage:
Resident Set Size: 448472K (2% of 16559900K total physical memory with 1076484K free physical memory)

OOME stack traces (most recent first):
Classloader memory used:
Loader org.gradle.internal.classloader.VisitableURLClassLoader                         : 66869K
Loader bootstrap                                                                       : 23800K
Loader org.gradle.initialization.MixInLegacyTypesClassLoader                           : 6437K
Loader org.gradle.internal.classloader.VisitableURLClassLoader                         : 724K
Loader org.gradle.internal.classloader.VisitableURLClassLoader$InstrumentingVisitableURLClassLoader: 567K
Loader jdk.internal.loader.ClassLoaders$PlatformClassLoader                            : 528K
Loader jdk.internal.jrtfs.JrtFileSystemProvider$JrtFsLoader                            : 317K
Loader jdk.internal.loader.ClassLoaders$AppClassLoader                                 : 234K
Loader jdk.internal.reflect.DelegatingClassLoader                                      : 160K
Loader org.gradle.groovy.scripts.internal.DefaultScriptCompilationHandler$ScriptClassLoader: 89680B
Loader org.codehaus.groovy.runtime.callsite.CallSiteClassLoader                        : 49592B

Classes loaded by more than one classloader:
Class org.gradle.api.GradleException                                                  : loaded 3 times (x 78B)
Class org.gradle.internal.classloader.FilteringClassLoader                            : loaded 2 times (x 101B)
Class jdk.internal.jimage.BasicImageReader                                            : loaded 2 times (x 91B)
Class org.gradle.internal.classloader.ClassLoaderHierarchy                            : loaded 2 times (x 66B)
Class org.gradle.api.internal.classpath.ManifestUtil                                  : loaded 2 times (x 67B)
Class jdk.internal.jimage.decompressor.StringSharingDecompressorFactory               : loaded 2 times (x 70B)
Class org.gradle.internal.operations.MultipleBuildOperationFailures                   : loaded 2 times (x 91B)
Class org.gradle.internal.classloader.DefaultClassLoaderFactory                       : loaded 2 times (x 78B)
Class kotlin.collections.AbstractList$Companion                                       : loaded 2 times (x 67B)
Class org.gradle.internal.classloader.ClassLoaderVisitor                              : loaded 2 times (x 72B)
Class org.gradle.api.internal.classpath.EffectiveClassPath                            : loaded 2 times (x 86B)
Class org.gradle.api.internal.DefaultClassPathProvider                                : loaded 2 times (x 72B)
Class [Lorg.gradle.api.internal.ClassPathProvider;                                    : loaded 2 times (x 65B)
Class org.gradle.api.internal.ClassPathProvider                                       : loaded 2 times (x 66B)
Class jdk.internal.jrtfs.SystemImage                                                  : loaded 2 times (x 70B)
Class org.gradle.internal.service.UnknownServiceException                             : loaded 2 times (x 79B)
Class org.gradle.internal.classpath.TransformedClassPath                              : loaded 2 times (x 92B)
Class org.gradle.internal.classloader.InstrumentingClassLoader                        : loaded 2 times (x 66B)
Class jdk.internal.jrtfs.SystemImage$1                                                : loaded 2 times (x 74B)
Class kotlin.enums.EnumEntriesList                                                    : loaded 2 times (x 219B)
Class jdk.internal.jrtfs.SystemImage$2                                                : loaded 2 times (x 72B)
Class org.gradle.internal.service.ServiceLocator                                      : loaded 2 times (x 66B)
Class jdk.internal.jrtfs.JrtFileSystemProvider                                        : loaded 2 times (x 97B)
Class jdk.internal.jimage.ImageLocation                                               : loaded 2 times (x 86B)
Class jdk.internal.jrtfs.JrtDirectoryStream$1                                         : loaded 2 times (x 79B)
Class org.gradle.internal.InternalTransformer                                         : loaded 2 times (x 66B)
Class jdk.internal.jimage.ImageBufferCache$1                                          : loaded 2 times (x 79B)
Class org.gradle.internal.time.DefaultTimer                                           : loaded 2 times (x 76B)
Class org.gradle.internal.classloader.ClasspathUtil$1                                 : loaded 2 times (x 72B)
Class jdk.internal.jimage.ImageBufferCache$2                                          : loaded 2 times (x 87B)
Class org.gradle.api.internal.classpath.DefaultModuleRegistry$DefaultModule           : loaded 2 times (x 82B)
Class org.gradle.internal.time.DefaultCountdownTimer                                  : loaded 2 times (x 84B)
Class kotlin.Function                                                                 : loaded 2 times (x 66B)
Class org.gradle.api.internal.classpath.Module                                        : loaded 2 times (x 66B)
Class org.gradle.api.internal.classpath.UnknownModuleException                        : loaded 2 times (x 78B)
Class jdk.internal.jimage.ImageHeader                                                 : loaded 2 times (x 67B)
Class sync_studio_tooling_4afkx6j9vb6sdm6zzw0si16m1                                   : loaded 2 times (x 175B)
Class org.gradle.api.internal.DefaultClassPathRegistry                                : loaded 2 times (x 72B)
Class org.gradle.api.internal.ClassPathRegistry                                       : loaded 2 times (x 66B)
Class org.gradle.internal.classpath.DefaultClassPath$ImmutableUniqueList              : loaded 2 times (x 195B)
Class jdk.internal.jimage.decompressor.ResourceDecompressor                           : loaded 2 times (x 66B)
Class org.gradle.internal.classpath.ClassPath                                         : loaded 2 times (x 66B)
Class org.gradle.api.UncheckedIOException                                             : loaded 2 times (x 78B)
Class jdk.internal.jimage.ImageStringsReader                                          : loaded 2 times (x 76B)
Class kotlin.UninitializedPropertyAccessException                                     : loaded 2 times (x 78B)
Class jdk.internal.jimage.ImageReader                                                 : loaded 2 times (x 71B)
Class jdk.internal.jimage.ImageReader$SharedImageReader                               : loaded 2 times (x 91B)
Class org.gradle.internal.installation.GradleInstallation$1                           : loaded 2 times (x 71B)
Class org.gradle.api.internal.classpath.ModuleRegistry                                : loaded 2 times (x 66B)
Class jdk.internal.jimage.decompressor.ResourceDecompressorFactory                    : loaded 2 times (x 70B)
Class jdk.internal.jimage.ImageReader$Node                                            : loaded 2 times (x 80B)
Class org.gradle.api.internal.classpath.DefaultModuleRegistry                         : loaded 2 times (x 82B)
Class jdk.internal.jimage.BasicImageReader$1                                          : loaded 2 times (x 73B)
Class jdk.internal.jimage.decompressor.Decompressor                                   : loaded 2 times (x 68B)
Class jdk.internal.jimage.ImageReader$Resource                                        : loaded 2 times (x 80B)
Class org.gradle.internal.time.MonotonicClock                                         : loaded 2 times (x 73B)
Class org.gradle.internal.service.ServiceLookupException                              : loaded 2 times (x 78B)
Class jdk.internal.jrtfs.JrtFileAttributes                                            : loaded 2 times (x 79B)
Class org.gradle.internal.classloader.ClassLoaderFactory                              : loaded 2 times (x 66B)
Class org.gradle.internal.service.CachingServiceLocator                               : loaded 2 times (x 78B)
Class org.gradle.internal.time.TimeSource                                             : loaded 2 times (x 66B)
Class kotlin.enums.EnumEntries                                                        : loaded 2 times (x 66B)
Class org.gradle.internal.exceptions.ResolutionProvider                               : loaded 2 times (x 66B)
Class jdk.internal.jimage.ImageBufferCache                                            : loaded 2 times (x 67B)
Class jdk.internal.jrtfs.JrtPath                                                      : loaded 2 times (x 114B)
Class org.gradle.internal.classloader.ClasspathUtil                                   : loaded 2 times (x 67B)
Class org.gradle.internal.time.TimeSource$1                                           : loaded 2 times (x 73B)
Class kotlin.jvm.internal.DefaultConstructorMarker                                    : loaded 2 times (x 67B)
Class org.gradle.api.specs.Spec                                                       : loaded 2 times (x 66B)
Class jdk.internal.jimage.ImageReader$SharedImageReader$LocationVisitor               : loaded 2 times (x 66B)
Class jdk.internal.jimage.decompressor.ResourceDecompressorRepository                 : loaded 2 times (x 67B)
Class org.gradle.internal.time.Clock                                                  : loaded 2 times (x 66B)
Class jdk.internal.jimage.ImageReader$Directory                                       : loaded 2 times (x 80B)
Class kotlin.collections.AbstractList                                                 : loaded 2 times (x 193B)
Class kotlin.collections.AbstractCollection                                           : loaded 2 times (x 113B)
Class org.gradle.internal.classloader.VisitableURLClassLoader$InstrumentingVisitableURLClassLoader: loaded 2 times (x 119B)
Class org.gradle.internal.classloader.VisitableURLClassLoader$Spec                    : loaded 2 times (x 70B)
Class org.gradle.internal.classpath.DefaultClassPath                                  : loaded 2 times (x 86B)
Class jdk.internal.jimage.decompressor.ZipDecompressorFactory                         : loaded 2 times (x 70B)
Class org.gradle.internal.classloader.ClassLoaderSpec                                 : loaded 2 times (x 67B)
Class kotlin.Unit                                                                     : loaded 2 times (x 67B)
Class org.gradle.internal.classloader.VisitableURLClassLoader                         : loaded 2 times (x 113B)
Class org.gradle.internal.Cast                                                        : loaded 2 times (x 67B)
Class org.gradle.api.Action                                                           : loaded 2 times (x 66B)
Class jdk.internal.jimage.decompressor.ZipDecompressor                                : loaded 2 times (x 71B)
Class kotlin.jvm.functions.Function1                                                  : loaded 2 times (x 66B)
Class org.gradle.internal.classpath.DefaultClassPath$ImmutableUniqueList$Builder      : loaded 2 times (x 71B)
Class kotlin.NotImplementedError                                                      : loaded 2 times (x 78B)
Class org.gradle.internal.exceptions.NonGradleCauseExceptionsHolder                   : loaded 2 times (x 66B)
Class jdk.internal.jimage.ImageStrings                                                : loaded 2 times (x 66B)
Class org.jetbrains.plugins.gradle.tooling.ModelBuilderService$Parameter              : loaded 2 times (x 66B)
Class kotlin.enums.EnumEntriesKt                                                      : loaded 2 times (x 67B)
Class org.gradle.internal.IoActions                                                   : loaded 2 times (x 67B)
Class org.gradle.internal.classloader.SystemClassLoaderSpec                           : loaded 2 times (x 67B)
Class org.gradle.internal.exceptions.MultiCauseException                              : loaded 2 times (x 66B)
Class org.gradle.internal.time.CountdownTimer                                         : loaded 2 times (x 66B)
Class kotlin.jvm.internal.Intrinsics                                                  : loaded 2 times (x 67B)
Class jdk.internal.jrtfs.JrtFileSystem                                                : loaded 2 times (x 98B)
Class org.gradle.tooling.model.ProjectModel                                           : loaded 2 times (x 66B)
Class jdk.internal.jimage.decompressor.CompressedResourceHeader                       : loaded 2 times (x 67B)
Class kotlin.KotlinNullPointerException                                               : loaded 2 times (x 79B)
Class org.gradle.internal.exceptions.DefaultMultiCauseException                       : loaded 2 times (x 91B)
Class org.gradle.internal.time.Time                                                   : loaded 2 times (x 67B)
Class org.gradle.api.internal.classpath.GlobalCacheRootsProvider                      : loaded 2 times (x 66B)
Class ijInit1_j380084xafeue3x1z93ggcwa                                                : loaded 2 times (x 175B)
Class org.gradle.internal.time.Timer                                                  : loaded 2 times (x 66B)
Class kotlin.jvm.internal.markers.KMappedMarker                                       : loaded 2 times (x 66B)
Class org.gradle.internal.installation.CurrentGradleInstallationLocator               : loaded 2 times (x 67B)
Class org.gradle.internal.service.DefaultServiceLocator                               : loaded 2 times (x 79B)
Class jdk.internal.jrtfs.JrtDirectoryStream                                           : loaded 2 times (x 85B)
Class org.gradle.util.GradleVersion                                                   : loaded 2 times (x 79B)
Class org.gradle.internal.installation.CurrentGradleInstallation                      : loaded 2 times (x 69B)
Class org.gradle.util.internal.GUtil                                                  : loaded 2 times (x 67B)
Class org.gradle.internal.installation.GradleInstallation                             : loaded 2 times (x 71B)
Class jdk.internal.jimage.decompressor.ResourceDecompressor$StringsProvider           : loaded 2 times (x 66B)

---------------  S Y S T E M  ---------------

OS:
 Windows 11 , 64 bit Build 26100 (10.0.26100.7019)
OS uptime: 0 days 22:54 hours
Hyper-V role detected

CPU: total 12 (initial active 12) (6 cores per cpu, 2 threads per core) family 6 model 151 stepping 5 microcode 0x35, cx8, cmov, fxsr, ht, mmx, 3dnowpref, sse, sse2, sse3, ssse3, sse4.1, sse4.2, popcnt, lzcnt, tsc, tscinvbit, avx, avx2, aes, erms, clmul, bmi1, bmi2, adx, sha, fma, vzeroupper, clflush, clflushopt, clwb, hv, serialize, rdtscp, rdpid, fsrm, f16c, cet_ibt, cet_ss
Processor Information for the first 12 processors :
  Max Mhz: 2500, Current Mhz: 2500, Mhz Limit: 2500

Memory: 4k page, system-wide physical 16171M (1050M free)
TotalPageFile size 65323M (AvailPageFile size 40M)
current process WorkingSet (physical memory assigned to process): 438M, peak: 444M
current process commit charge ("private bytes"): 478M, peak: 486M

vm_info: OpenJDK 64-Bit Server VM (21.0.6+-13368085-b895.109) for windows-amd64 JRE (21.0.6+-13368085-b895.109), built on 2025-04-16T17:01:31Z by "builder" with MS VC++ 16.10 / 16.11 (VS2019)

END.
